#
# A fatal error has been detected by the Java Runtime Environment:
#
#  SIGSEGV (0xb) at pc=0x00007fff676ed6df, pid=9690, tid=0x0000000000000307
#
# JRE version: Java(TM) SE Runtime Environment (8.0_161-b12) (build 1.8.0_161-b12)
# Java VM: Java HotSpot(TM) 64-Bit Server VM (25.161-b12 mixed mode bsd-amd64 compressed oops)
# Problematic frame:
# C  [SkyLight+0x10f6df]  SLEventGetIntegerValueField+0x153
#
# Failed to write core dump. Core dumps have been disabled. To enable core dumping, try "ulimit -c unlimited" before starting Java again
#
# If you would like to submit a bug report, please visit:
#   http://bugreport.java.com/bugreport/crash.jsp
# The crash happened outside the Java Virtual Machine in native code.
# See problematic frame for where to report the bug.
#

---------------  T H R E A D  ---------------

Current thread (0x00007feda40e1800):  JavaThread "JavaFX Application Thread" [_thread_in_native, id=775, stack(0x00007ffee76d0000,0x00007ffee7ed0000)]

siginfo: si_signo: 11 (SIGSEGV), si_code: 0 (unknown), si_addr: 0x0000000000000000

Registers:
RAX=0xa1aee49623e20096, RBX=0x00007feda3b26c00, RCX=0x00197feda2fce960, RDX=0x00000000ffffffe2
RSP=0x00007ffee7ecb1e0, RBP=0x00007ffee7ecb200, RSI=0x0000000000000009, RDI=0x00007feda520b3d0
R8 =0x00007fff98ffb2c8, R9 =0xffffffffffffffff, R10=0x00007feda566b730, R11=0xafee5cdc9807cb5c
R12=0x00007feda520b3d0, R13=0x00007feda2caeac0, R14=0x00007feda2edd7e8, R15=0x00007feda3b26c30
RIP=0x00007fff676ed6df, EFLAGS=0x0000000000010287, ERR=0x0000000000000000
  TRAPNO=0x000000000000000d

Top of Stack: (sp=0x00007ffee7ecb1e0)
0x00007ffee7ecb1e0:   00007feda520b3d0 a1aee49623e20096
0x00007ffee7ecb1f0:   00007feda3b26c00 00007feda2edd7e8
0x00007ffee7ecb200:   00007feda3b26c00 00000001243e3602
0x00007ffee7ecb210:   000000000000000b 00007feda2c5bbe0
0x00007ffee7ecb220:   00007feda2c5bbe0 0000000000000001
0x00007ffee7ecb230:   0000000000000000 0000000000000000
0x00007ffee7ecb240:   0000000000000004 00007feda2edd7e0
0x00007ffee7ecb250:   0000000300002e88 00007feda2f00140
0x00007ffee7ecb260:   00007feda2edd7e0 0000000000000000
0x00007ffee7ecb270:   00007ffee7ecb290 00000001243e562b
0x00007ffee7ecb280:   00000001243e5600 00007fff4169d405
0x00007ffee7ecb290:   00007ffee7ecb2c0 00007fff4169d3ab
0x00007ffee7ecb2a0:   00007feda2f002c0 00007feda2f00130
0x00007ffee7ecb2b0:   00007feda2f002d0 0000000000000001
0x00007ffee7ecb2c0:   00007ffee7ecb330 00007fff41680e51
0x00007ffee7ecb2d0:   00007ffee7ecb2a0 0000000000000001
0x00007ffee7ecb2e0:   00007feda2f00130 00007feda2f002d0
0x00007ffee7ecb2f0:   00007feda2f00140 00000001a2f002c0
0x00007ffee7ecb300:   00007feda2e9acd0 00007feda2f00130
0x00007ffee7ecb310:   0000000000000001 0000000000001101
0x00007ffee7ecb320:   0000000000001203 00007feda2f002c0
0x00007ffee7ecb330:   00007ffee7ecc020 00007fff416803fa
0x00007ffee7ecb340:   00007ffee7ecb360 00007fff3f7c0886
0x00007ffee7ecb350:   0000000000001103 0000000000000f03
0x00007ffee7ecb360:   00007fff992368e0 00007fff3f7c264b
0x00007ffee7ecb370:   00007fff3f7c8bf1 00007fff3f7c0832
0x00007ffee7ecb380:   00007ffee7ecb3a0 0000000000000000
0x00007ffee7ecb390:   00007feda2de4800 ffffffffffffffff
0x00007ffee7ecb3a0:   0000000000000000 0000000000000000
0x00007ffee7ecb3b0:   00007feda2de4810 00007feda2f00140
0x00007ffee7ecb3c0:   00007feda2f002d0 0000000000000000
0x00007ffee7ecb3d0:   0000000000000000 0000000100001103 

Instructions: (pc=0x00007fff676ed6df)
0x00007fff676ed6bf:   b7 41 64 e9 6f 05 00 00 0f b7 81 d8 00 00 00 e9
0x00007fff676ed6cf:   63 05 00 00 0f b7 81 da 00 00 00 e9 57 05 00 00
0x00007fff676ed6df:   8b 51 08 31 c0 8d 7a ff 83 ff 1e 0f 87 46 05 00
0x00007fff676ed6ef:   00 48 8d 1d 99 08 00 00 48 63 3c bb 48 01 df ff 

Register to memory mapping:

RAX=0xa1aee49623e20096 is an unknown value
RBX=0x00007feda3b26c00 is an unknown value
RCX=0x00197feda2fce960 is an unknown value
RDX=0x00000000ffffffe2 is an unknown value
RSP=0x00007ffee7ecb1e0 is pointing into the stack for thread: 0x00007feda40e1800
RBP=0x00007ffee7ecb200 is pointing into the stack for thread: 0x00007feda40e1800
RSI=0x0000000000000009 is an unknown value
RDI=0x00007feda520b3d0 is an unknown value
R8 =0x00007fff98ffb2c8: __block_descriptor_tmp+0xe4f0 in /System/Library/Frameworks/Carbon.framework/Versions/A/Frameworks/HIToolbox.framework/Versions/A/HIToolbox at 0x00007fff4090f000
R9 =0xffffffffffffffff is an unknown value
R10=0x00007feda566b730 is an unknown value
R11=0xafee5cdc9807cb5c is an unknown value
R12=0x00007feda520b3d0 is an unknown value
R13=0x00007feda2caeac0 is an unknown value
R14=0x00007feda2edd7e8 is an unknown value
R15=0x00007feda3b26c30 is an unknown value


Stack: [0x00007ffee76d0000,0x00007ffee7ed0000],  sp=0x00007ffee7ecb1e0,  free space=8172k
Native frames: (J=compiled Java code, j=interpreted, Vv=VM code, C=native code)
C  [SkyLight+0x10f6df]  SLEventGetIntegerValueField+0x153
C  [libJNativeHook-2.1.0.x86_64.dylib+0x3602]  keycode_to_unicode+0x132


---------------  P R O C E S S  ---------------

Java Threads: ( => current thread )
  0x00007feda3b2f000 JavaThread "JNativeHook Dispatch Thread" daemon [_thread_blocked, id=68631, stack(0x000070000c703000,0x000070000c803000)]
  0x00007feda42b5000 JavaThread "Prism Font Disposer" daemon [_thread_blocked, id=51471, stack(0x000070000c57d000,0x000070000c67d000)]
  0x00007feda49bf000 JavaThread "AWT-Shutdown" [_thread_blocked, id=76087, stack(0x000070000c47a000,0x000070000c57a000)]
  0x00007feda3a4e800 JavaThread "Java2D Disposer" daemon [_thread_blocked, id=50947, stack(0x000070000c377000,0x000070000c477000)]
  0x00007feda398e000 JavaThread "Java2D Queue Flusher" daemon [_thread_blocked, id=49671, stack(0x000070000c274000,0x000070000c374000)]
  0x00007feda419b800 JavaThread "Image Fetcher 0" daemon [_thread_blocked, id=78343, stack(0x000070000c171000,0x000070000c271000)]
  0x00007feda3282000 JavaThread "JNativeHook Hook Thread" [_thread_in_native, id=79875, stack(0x000070000c06e000,0x000070000c16e000)]
  0x00007feda494c000 JavaThread "JavaFX-Launcher" [_thread_blocked, id=47107, stack(0x000070000bf6b000,0x000070000c06b000)]
  0x00007feda4951000 JavaThread "Thread-3" daemon [_thread_in_native, id=33283, stack(0x000070000be65000,0x000070000bee5000)]
=>0x00007feda40e1800 JavaThread "JavaFX Application Thread" [_thread_in_native, id=775, stack(0x00007ffee76d0000,0x00007ffee7ed0000)]
  0x00007feda38ba000 JavaThread "Thread-1" daemon [_thread_blocked, id=40195, stack(0x000070000bc5c000,0x000070000bd5c000)]
  0x00007feda382e000 JavaThread "QuantumRenderer-0" daemon [_thread_in_Java, id=15107, stack(0x000070000bb59000,0x000070000bc59000)]
  0x00007feda3092000 JavaThread "Service Thread" daemon [_thread_blocked, id=14339, stack(0x000070000b953000,0x000070000ba53000)]
  0x00007feda3093000 JavaThread "C1 CompilerThread2" daemon [_thread_blocked, id=13827, stack(0x000070000b850000,0x000070000b950000)]
  0x00007feda4879000 JavaThread "C2 CompilerThread1" daemon [_thread_blocked, id=17411, stack(0x000070000b74d000,0x000070000b84d000)]
  0x00007feda4878000 JavaThread "C2 CompilerThread0" daemon [_thread_blocked, id=17923, stack(0x000070000b64a000,0x000070000b74a000)]
  0x00007feda4812000 JavaThread "Monitor Ctrl-Break" daemon [_thread_in_native, id=18179, stack(0x000070000b547000,0x000070000b647000)]
  0x00007feda380f800 JavaThread "Signal Dispatcher" daemon [_thread_blocked, id=12803, stack(0x000070000b444000,0x000070000b544000)]
  0x00007feda3821800 JavaThread "Finalizer" daemon [_thread_blocked, id=19459, stack(0x000070000b341000,0x000070000b441000)]
  0x00007feda4810000 JavaThread "Reference Handler" daemon [_thread_blocked, id=19715, stack(0x000070000b23e000,0x000070000b33e000)]
  0x00007feda4000800 JavaThread "main" [_thread_blocked, id=9987, stack(0x000070000ac2c000,0x000070000ad2c000)]

Other Threads:
  0x00007feda3821000 VMThread [stack: 0x000070000b13b000,0x000070000b23b000] [id=20227]
  0x00007feda30f4000 WatcherThread [stack: 0x000070000ba56000,0x000070000bb56000] [id=17155]

VM state:not at safepoint (normal execution)

VM Mutex/Monitor currently owned by a thread: None

Heap:
 PSYoungGen      total 38400K, used 26190K [0x0000000795580000, 0x0000000798000000, 0x00000007c0000000)
  eden space 33280K, 66% used [0x0000000795580000,0x0000000796b296f8,0x0000000797600000)
  from space 5120K, 78% used [0x0000000797600000,0x00000007979ea2a0,0x0000000797b00000)
  to   space 5120K, 0% used [0x0000000797b00000,0x0000000797b00000,0x0000000798000000)
 ParOldGen       total 87552K, used 80K [0x0000000740000000, 0x0000000745580000, 0x0000000795580000)
  object space 87552K, 0% used [0x0000000740000000,0x0000000740014010,0x0000000745580000)
 Metaspace       used 19744K, capacity 20540K, committed 20736K, reserved 1067008K
  class space    used 2763K, capacity 2977K, committed 3072K, reserved 1048576K

Card table byte_map: [0x00000001099c0000,0x0000000109dc1000] byte_map_base: 0x0000000105fc0000

Marking Bits: (ParMarkBitMap*) 0x00000001086526c0
 Begin Bits: [0x000000010a06c000, 0x000000010c06c000)
 End Bits:   [0x000000010c06c000, 0x000000010e06c000)

Polling page: 0x0000000108d4d000

CodeCache: size=245760Kb used=5047Kb max_used=5047Kb free=240712Kb
 bounds [0x00000001113e9000, 0x00000001118d9000, 0x00000001203e9000]
 total_blobs=2418 nmethods=1658 adapters=673
 compilation: enabled

Compilation events (10 events):
Event: 5.139 Thread 0x00007feda3093000 1659       1       com.sun.prism.impl.BaseGraphics::getPaint (5 bytes)
Event: 5.139 Thread 0x00007feda3093000 nmethod 1659 0x00000001118d7dd0 code [0x00000001118d7f20, 0x00000001118d8030]
Event: 5.139 Thread 0x00007feda3093000 1655       1       com.sun.prism.es2.ES2Shader::isPixcoordUsed (5 bytes)
Event: 5.139 Thread 0x00007feda3093000 nmethod 1655 0x00000001118d8090 code [0x00000001118d81e0, 0x00000001118d82f0]
Event: 5.139 Thread 0x00007feda3093000 1656       1       com.sun.javafx.geom.transform.BaseTransform::getMxt (2 bytes)
Event: 5.139 Thread 0x00007feda3093000 nmethod 1656 0x00000001118d8350 code [0x00000001118d84a0, 0x00000001118d85b0]
Event: 5.139 Thread 0x00007feda3093000 1657       1       com.sun.javafx.geom.transform.BaseTransform::getMyt (2 bytes)
Event: 5.139 Thread 0x00007feda3093000 nmethod 1657 0x00000001118d8610 code [0x00000001118d8760, 0x00000001118d8870]
Event: 5.139 Thread 0x00007feda3093000 1658       1       com.sun.javafx.text.TextRun::getGlyphCount (5 bytes)
Event: 5.139 Thread 0x00007feda3093000 nmethod 1658 0x00000001118d88d0 code [0x00000001118d8a20, 0x00000001118d8b30]

GC Heap History (2 events):
Event: 2.094 GC heap before
{Heap before GC invocations=1 (full 0):
 PSYoungGen      total 38400K, used 33280K [0x0000000795580000, 0x0000000798000000, 0x00000007c0000000)
  eden space 33280K, 100% used [0x0000000795580000,0x0000000797600000,0x0000000797600000)
  from space 5120K, 0% used [0x0000000797b00000,0x0000000797b00000,0x0000000798000000)
  to   space 5120K, 0% used [0x0000000797600000,0x0000000797600000,0x0000000797b00000)
 ParOldGen       total 87552K, used 0K [0x0000000740000000, 0x0000000745580000, 0x0000000795580000)
  object space 87552K, 0% used [0x0000000740000000,0x0000000740000000,0x0000000745580000)
 Metaspace       used 12385K, capacity 12804K, committed 13056K, reserved 1060864K
  class space    used 1606K, capacity 1737K, committed 1792K, reserved 1048576K
Event: 2.100 GC heap after
Heap after GC invocations=1 (full 0):
 PSYoungGen      total 38400K, used 4008K [0x0000000795580000, 0x0000000798000000, 0x00000007c0000000)
  eden space 33280K, 0% used [0x0000000795580000,0x0000000795580000,0x0000000797600000)
  from space 5120K, 78% used [0x0000000797600000,0x00000007979ea2a0,0x0000000797b00000)
  to   space 5120K, 0% used [0x0000000797b00000,0x0000000797b00000,0x0000000798000000)
 ParOldGen       total 87552K, used 80K [0x0000000740000000, 0x0000000745580000, 0x0000000795580000)
  object space 87552K, 0% used [0x0000000740000000,0x0000000740014010,0x0000000745580000)
 Metaspace       used 12385K, capacity 12804K, committed 13056K, reserved 1060864K
  class space    used 1606K, capacity 1737K, committed 1792K, reserved 1048576K
}

Deoptimization events (10 events):
Event: 2.470 Thread 0x00007feda40e1800 Uncommon trap: reason=class_check action=maybe_recompile pc=0x0000000111682244 method=java.io.DataInputStream.readShort()S @ 4
Event: 2.470 Thread 0x00007feda40e1800 Uncommon trap: reason=class_check action=maybe_recompile pc=0x0000000111682244 method=java.io.DataInputStream.readShort()S @ 4
Event: 2.476 Thread 0x00007feda40e1800 Uncommon trap: reason=class_check action=maybe_recompile pc=0x00000001115014c8 method=java.lang.String.equals(Ljava/lang/Object;)Z @ 8
Event: 2.476 Thread 0x00007feda40e1800 Uncommon trap: reason=class_check action=maybe_recompile pc=0x00000001115014c8 method=java.lang.String.equals(Ljava/lang/Object;)Z @ 8
Event: 2.476 Thread 0x00007feda40e1800 Uncommon trap: reason=class_check action=maybe_recompile pc=0x00000001115014c8 method=java.lang.String.equals(Ljava/lang/Object;)Z @ 8
Event: 2.476 Thread 0x00007feda40e1800 Uncommon trap: reason=class_check action=maybe_recompile pc=0x00000001115014c8 method=java.lang.String.equals(Ljava/lang/Object;)Z @ 8
Event: 2.703 Thread 0x00007feda40e1800 Uncommon trap: reason=unstable_if action=reinterpret pc=0x00000001117101e4 method=jdk.internal.org.objectweb.asm.Type.getArgumentsAndReturnSizes(Ljava/lang/String;)I @ 47
Event: 5.093 Thread 0x00007feda3b2f000 Uncommon trap: reason=bimorphic action=maybe_recompile pc=0x00000001116bff8c method=java.util.HashMap.putVal(ILjava/lang/Object;Ljava/lang/Object;ZZ)Ljava/lang/Object; @ 203
Event: 5.094 Thread 0x00007feda3b2f000 Uncommon trap: reason=bimorphic action=maybe_recompile pc=0x00000001116bff8c method=java.util.HashMap.putVal(ILjava/lang/Object;Ljava/lang/Object;ZZ)Ljava/lang/Object; @ 203
Event: 5.094 Thread 0x00007feda3b2f000 Uncommon trap: reason=bimorphic action=maybe_recompile pc=0x00000001116bff8c method=java.util.HashMap.putVal(ILjava/lang/Object;Ljava/lang/Object;ZZ)Ljava/lang/Object; @ 203

Classes redefined (0 events):
No events

Internal exceptions (10 events):
Event: 1.323 Thread 0x00007feda40e1800 Exception <a 'java/lang/ArrayIndexOutOfBoundsException'> (0x0000000796fd0ea8) thrown at [/Users/java_re/workspace/8-2-build-macosx-x86_64/jdk8u161/10277/hotspot/src/share/vm/runtime/sharedRuntime.cpp, line 605]
Event: 1.323 Thread 0x00007feda40e1800 Exception <a 'java/lang/ArrayIndexOutOfBoundsException'> (0x0000000796fd3270) thrown at [/Users/java_re/workspace/8-2-build-macosx-x86_64/jdk8u161/10277/hotspot/src/share/vm/runtime/sharedRuntime.cpp, line 605]
Event: 1.324 Thread 0x00007feda40e1800 Exception <a 'java/lang/ArrayIndexOutOfBoundsException'> (0x0000000796fd5118) thrown at [/Users/java_re/workspace/8-2-build-macosx-x86_64/jdk8u161/10277/hotspot/src/share/vm/runtime/sharedRuntime.cpp, line 605]
Event: 1.958 Thread 0x00007feda40e1800 Exception <a 'java/io/FileNotFoundException'> (0x00000007973a9828) thrown at [/Users/java_re/workspace/8-2-build-macosx-x86_64/jdk8u161/10277/hotspot/src/share/vm/prims/jni.cpp, line 709]
Event: 2.121 Thread 0x00007feda40e1800 Exception <a 'java/io/FileNotFoundException'> (0x00000007955f8b90) thrown at [/Users/java_re/workspace/8-2-build-macosx-x86_64/jdk8u161/10277/hotspot/src/share/vm/prims/jni.cpp, line 709]
Event: 2.134 Thread 0x00007feda419b800 Implicit null exception at 0x00000001116ad0b3 to 0x00000001116ad491
Event: 2.134 Thread 0x00007feda419b800 Implicit null exception at 0x0000000111620836 to 0x0000000111620bf5
Event: 2.201 Thread 0x00007feda40e1800 Exception <a 'java/io/FileNotFoundException'> (0x00000007956ab0e8) thrown at [/Users/java_re/workspace/8-2-build-macosx-x86_64/jdk8u161/10277/hotspot/src/share/vm/prims/jni.cpp, line 709]
Event: 2.345 Thread 0x00007feda40e1800 Implicit null exception at 0x00000001116d3175 to 0x00000001116d33b1
Event: 2.345 Thread 0x00007feda40e1800 Implicit null exception at 0x00000001116c2158 to 0x00000001116c21e6

Events (10 events):
Event: 5.093 loading class sun/awt/ExtendedKeyCodes done
Event: 5.093 Thread 0x00007feda3b2f000 Uncommon trap: trap_request=0xffffffc6 fr.pc=0x00000001116bff8c
Event: 5.093 Thread 0x00007feda3b2f000 DEOPT PACKING pc=0x00000001116bff8c sp=0x000070000c801c80
Event: 5.093 Thread 0x00007feda3b2f000 DEOPT UNPACKING pc=0x000000011142e73a sp=0x000070000c801c18 mode 2
Event: 5.094 Thread 0x00007feda3b2f000 Uncommon trap: trap_request=0xffffffc6 fr.pc=0x00000001116bff8c
Event: 5.094 Thread 0x00007feda3b2f000 DEOPT PACKING pc=0x00000001116bff8c sp=0x000070000c801c80
Event: 5.094 Thread 0x00007feda3b2f000 DEOPT UNPACKING pc=0x000000011142e73a sp=0x000070000c801c18 mode 2
Event: 5.094 Thread 0x00007feda3b2f000 Uncommon trap: trap_request=0xffffffc6 fr.pc=0x00000001116bff8c
Event: 5.094 Thread 0x00007feda3b2f000 DEOPT PACKING pc=0x00000001116bff8c sp=0x000070000c801c80
Event: 5.094 Thread 0x00007feda3b2f000 DEOPT UNPACKING pc=0x000000011142e73a sp=0x000070000c801c18 mode 2


Dynamic libraries:
0x00000000163cb000 	/System/Library/Frameworks/Cocoa.framework/Versions/A/Cocoa
0x00000000163cb000 	/System/Library/Frameworks/Security.framework/Versions/A/Security
0x00000000163cb000 	/System/Library/Frameworks/ApplicationServices.framework/Versions/A/ApplicationServices
0x00000000163cb000 	/usr/lib/libz.1.dylib
0x00000000163cb000 	/usr/lib/libSystem.B.dylib
0x00000000163cb000 	/usr/lib/libobjc.A.dylib
0x00000000163cb000 	/System/Library/Frameworks/CoreFoundation.framework/Versions/A/CoreFoundation
0x00000000163cb000 	/System/Library/Frameworks/Foundation.framework/Versions/C/Foundation
0x00000000163cb000 	/System/Library/Frameworks/AppKit.framework/Versions/C/AppKit
0x00000000163cb000 	/System/Library/Frameworks/CoreData.framework/Versions/A/CoreData
0x00000000163cb000 	/System/Library/PrivateFrameworks/RemoteViewServices.framework/Versions/A/RemoteViewServices
0x00000000163cb000 	/System/Library/PrivateFrameworks/UIFoundation.framework/Versions/A/UIFoundation
0x00000000163cb000 	/System/Library/PrivateFrameworks/XCTTargetBootstrap.framework/Versions/A/XCTTargetBootstrap
0x00000000163cb000 	/System/Library/PrivateFrameworks/IconServices.framework/Versions/A/IconServices
0x00000000163cb000 	/System/Library/Frameworks/Metal.framework/Versions/A/Metal
0x00000000163cb000 	/System/Library/PrivateFrameworks/DesktopServicesPriv.framework/Versions/A/DesktopServicesPriv
0x00000000163cb000 	/usr/lib/libenergytrace.dylib
0x00000000163cb000 	/System/Library/PrivateFrameworks/SkyLight.framework/Versions/A/SkyLight
0x00000000163cb000 	/System/Library/Frameworks/CoreGraphics.framework/Versions/A/CoreGraphics
0x00000000163cb000 	/System/Library/Frameworks/Accelerate.framework/Versions/A/Accelerate
0x00000000163cb000 	/System/Library/Frameworks/IOSurface.framework/Versions/A/IOSurface
0x00000000163cb000 	/System/Library/PrivateFrameworks/DFRFoundation.framework/Versions/A/DFRFoundation
0x00000000163cb000 	/System/Library/Frameworks/AudioToolbox.framework/Versions/A/AudioToolbox
0x00000000163cb000 	/System/Library/Frameworks/AudioUnit.framework/Versions/A/AudioUnit
0x00000000163cb000 	/System/Library/PrivateFrameworks/DataDetectorsCore.framework/Versions/A/DataDetectorsCore
0x00000000163cb000 	/System/Library/Frameworks/Carbon.framework/Versions/A/Frameworks/HIToolbox.framework/Versions/A/HIToolbox
0x00000000163cb000 	/usr/lib/libicucore.A.dylib
0x00000000163cb000 	/System/Library/Frameworks/QuartzCore.framework/Versions/A/QuartzCore
0x00000000163cb000 	/System/Library/Frameworks/Carbon.framework/Versions/A/Frameworks/SpeechRecognition.framework/Versions/A/SpeechRecognition
0x00000000163cb000 	/usr/lib/libauto.dylib
0x00000000163cb000 	/usr/lib/libxml2.2.dylib
0x00000000163cb000 	/System/Library/PrivateFrameworks/CoreUI.framework/Versions/A/CoreUI
0x00000000163cb000 	/System/Library/Frameworks/CoreAudio.framework/Versions/A/CoreAudio
0x00000000163cb000 	/System/Library/Frameworks/DiskArbitration.framework/Versions/A/DiskArbitration
0x00000000163cb000 	/usr/lib/liblangid.dylib
0x00000000163cb000 	/System/Library/PrivateFrameworks/MultitouchSupport.framework/Versions/A/MultitouchSupport
0x00000000163cb000 	/System/Library/Frameworks/IOKit.framework/Versions/A/IOKit
0x00000000163cb000 	/usr/lib/libDiagnosticMessagesClient.dylib
0x00000000163cb000 	/System/Library/Frameworks/CoreServices.framework/Versions/A/CoreServices
0x00000000163cb000 	/System/Library/PrivateFrameworks/PerformanceAnalysis.framework/Versions/A/PerformanceAnalysis
0x00000000163cb000 	/System/Library/Frameworks/OpenGL.framework/Versions/A/OpenGL
0x00000000163cb000 	/System/Library/Frameworks/ColorSync.framework/Versions/A/ColorSync
0x00000000163cb000 	/System/Library/Frameworks/CoreImage.framework/Versions/A/CoreImage
0x00000000163cb000 	/System/Library/Frameworks/CoreText.framework/Versions/A/CoreText
0x00000000163cb000 	/System/Library/Frameworks/ImageIO.framework/Versions/A/ImageIO
0x00000000163cb000 	/System/Library/PrivateFrameworks/Backup.framework/Versions/A/Backup
0x00000000163cb000 	/usr/lib/libarchive.2.dylib
0x00000000163cb000 	/System/Library/Frameworks/CFNetwork.framework/Versions/A/CFNetwork
0x00000000163cb000 	/System/Library/Frameworks/SystemConfiguration.framework/Versions/A/SystemConfiguration
0x00000000163cb000 	/usr/lib/libCRFSuite.dylib
0x00000000163cb000 	/usr/lib/libc++.1.dylib
0x00000000163cb000 	/usr/lib/libc++abi.dylib
0x00000000163cb000 	/usr/lib/system/libcache.dylib
0x00000000163cb000 	/usr/lib/system/libcommonCrypto.dylib
0x00000000163cb000 	/usr/lib/system/libcompiler_rt.dylib
0x00000000163cb000 	/usr/lib/system/libcopyfile.dylib
0x00000000163cb000 	/usr/lib/system/libcorecrypto.dylib
0x00000000163cb000 	/usr/lib/system/libdispatch.dylib
0x00000000163cb000 	/usr/lib/system/libdyld.dylib
0x00000000163cb000 	/usr/lib/system/libkeymgr.dylib
0x00000000163cb000 	/usr/lib/system/liblaunch.dylib
0x00000000163cb000 	/usr/lib/system/libmacho.dylib
0x00000000163cb000 	/usr/lib/system/libquarantine.dylib
0x00000000163cb000 	/usr/lib/system/libremovefile.dylib
0x00000000163cb000 	/usr/lib/system/libsystem_asl.dylib
0x00000000163cb000 	/usr/lib/system/libsystem_blocks.dylib
0x00000000163cb000 	/usr/lib/system/libsystem_c.dylib
0x00000000163cb000 	/usr/lib/system/libsystem_configuration.dylib
0x00000000163cb000 	/usr/lib/system/libsystem_coreservices.dylib
0x00000000163cb000 	/usr/lib/system/libsystem_darwin.dylib
0x00000000163cb000 	/usr/lib/system/libsystem_dnssd.dylib
0x00000000163cb000 	/usr/lib/system/libsystem_info.dylib
0x00000000163cb000 	/usr/lib/system/libsystem_m.dylib
0x00000000163cb000 	/usr/lib/system/libsystem_malloc.dylib
0x00000000163cb000 	/usr/lib/system/libsystem_networkextension.dylib
0x00000000163cb000 	/usr/lib/system/libsystem_notify.dylib
0x00000000163cb000 	/usr/lib/system/libsystem_sandbox.dylib
0x00000000163cb000 	/usr/lib/system/libsystem_secinit.dylib
0x00000000163cb000 	/usr/lib/system/libsystem_kernel.dylib
0x00000000163cb000 	/usr/lib/system/libsystem_platform.dylib
0x00000000163cb000 	/usr/lib/system/libsystem_pthread.dylib
0x00000000163cb000 	/usr/lib/system/libsystem_symptoms.dylib
0x00000000163cb000 	/usr/lib/system/libsystem_trace.dylib
0x00000000163cb000 	/usr/lib/system/libunwind.dylib
0x00000000163cb000 	/usr/lib/system/libxpc.dylib
0x00000000163cb000 	/usr/lib/libbsm.0.dylib
0x00000000163cb000 	/usr/lib/system/libkxld.dylib
0x00000000163cb000 	/System/Library/PrivateFrameworks/AppleFSCompression.framework/Versions/A/AppleFSCompression
0x00000000163cb000 	/usr/lib/libOpenScriptingUtil.dylib
0x00000000163cb000 	/usr/lib/libcoretls.dylib
0x00000000163cb000 	/usr/lib/libcoretls_cfhelpers.dylib
0x00000000163cb000 	/usr/lib/libpam.2.dylib
0x00000000163cb000 	/usr/lib/libsqlite3.dylib
0x00000000163cb000 	/usr/lib/libxar.1.dylib
0x00000000163cb000 	/usr/lib/libbz2.1.0.dylib
0x00000000163cb000 	/usr/lib/liblzma.5.dylib
0x00000000163cb000 	/usr/lib/libnetwork.dylib
0x00000000163cb000 	/usr/lib/libapple_nghttp2.dylib
0x00000000163cb000 	/usr/lib/libpcap.A.dylib
0x00000000163cb000 	/System/Library/Frameworks/CoreServices.framework/Versions/A/Frameworks/FSEvents.framework/Versions/A/FSEvents
0x00000000163cb000 	/System/Library/Frameworks/CoreServices.framework/Versions/A/Frameworks/CarbonCore.framework/Versions/A/CarbonCore
0x00000000163cb000 	/System/Library/Frameworks/CoreServices.framework/Versions/A/Frameworks/Metadata.framework/Versions/A/Metadata
0x00000000163cb000 	/System/Library/Frameworks/CoreServices.framework/Versions/A/Frameworks/OSServices.framework/Versions/A/OSServices
0x00000000163cb000 	/System/Library/Frameworks/CoreServices.framework/Versions/A/Frameworks/SearchKit.framework/Versions/A/SearchKit
0x00000000163cb000 	/System/Library/Frameworks/CoreServices.framework/Versions/A/Frameworks/AE.framework/Versions/A/AE
0x00000000163cb000 	/System/Library/Frameworks/CoreServices.framework/Versions/A/Frameworks/LaunchServices.framework/Versions/A/LaunchServices
0x00000000163cb000 	/System/Library/Frameworks/CoreServices.framework/Versions/A/Frameworks/DictionaryServices.framework/Versions/A/DictionaryServices
0x00000000163cb000 	/System/Library/Frameworks/CoreServices.framework/Versions/A/Frameworks/SharedFileList.framework/Versions/A/SharedFileList
0x00000000163cb000 	/System/Library/Frameworks/NetFS.framework/Versions/A/NetFS
0x00000000163cb000 	/System/Library/PrivateFrameworks/NetAuth.framework/Versions/A/NetAuth
0x00000000163cb000 	/System/Library/PrivateFrameworks/login.framework/Versions/A/Frameworks/loginsupport.framework/Versions/A/loginsupport
0x00000000163cb000 	/System/Library/PrivateFrameworks/TCC.framework/Versions/A/TCC
0x00000000163cb000 	/System/Library/PrivateFrameworks/CoreNLP.framework/Versions/A/CoreNLP
0x00000000163cb000 	/System/Library/PrivateFrameworks/MetadataUtilities.framework/Versions/A/MetadataUtilities
0x00000000163cb000 	/usr/lib/libmecabra.dylib
0x00000000163cb000 	/System/Library/Frameworks/ApplicationServices.framework/Versions/A/Frameworks/ATS.framework/Versions/A/ATS
0x00000000163cb000 	/System/Library/Frameworks/ApplicationServices.framework/Versions/A/Frameworks/ColorSyncLegacy.framework/Versions/A/ColorSyncLegacy
0x00000000163cb000 	/System/Library/Frameworks/ApplicationServices.framework/Versions/A/Frameworks/HIServices.framework/Versions/A/HIServices
0x00000000163cb000 	/System/Library/Frameworks/ApplicationServices.framework/Versions/A/Frameworks/LangAnalysis.framework/Versions/A/LangAnalysis
0x00000000163cb000 	/System/Library/Frameworks/ApplicationServices.framework/Versions/A/Frameworks/PrintCore.framework/Versions/A/PrintCore
0x00000000163cb000 	/System/Library/Frameworks/ApplicationServices.framework/Versions/A/Frameworks/QD.framework/Versions/A/QD
0x00000000163cb000 	/System/Library/Frameworks/ApplicationServices.framework/Versions/A/Frameworks/SpeechSynthesis.framework/Versions/A/SpeechSynthesis
0x00000000163cb000 	/usr/lib/libcompression.dylib
0x00000000163cb000 	/System/Library/Frameworks/CoreDisplay.framework/Versions/A/CoreDisplay
0x00000000163cb000 	/System/Library/Frameworks/MetalPerformanceShaders.framework/Versions/A/MetalPerformanceShaders
0x00000000163cb000 	/System/Library/Frameworks/Accelerate.framework/Versions/A/Frameworks/vImage.framework/Versions/A/vImage
0x00000000163cb000 	/System/Library/Frameworks/Accelerate.framework/Versions/A/Frameworks/vecLib.framework/Versions/A/vecLib
0x00000000163cb000 	/System/Library/Frameworks/Accelerate.framework/Versions/A/Frameworks/vecLib.framework/Versions/A/libvMisc.dylib
0x00000000163cb000 	/System/Library/Frameworks/Accelerate.framework/Versions/A/Frameworks/vecLib.framework/Versions/A/libvDSP.dylib
0x00000000163cb000 	/System/Library/Frameworks/Accelerate.framework/Versions/A/Frameworks/vecLib.framework/Versions/A/libBLAS.dylib
0x00000000163cb000 	/System/Library/Frameworks/Accelerate.framework/Versions/A/Frameworks/vecLib.framework/Versions/A/libLAPACK.dylib
0x00000000163cb000 	/System/Library/Frameworks/Accelerate.framework/Versions/A/Frameworks/vecLib.framework/Versions/A/libLinearAlgebra.dylib
0x00000000163cb000 	/System/Library/Frameworks/Accelerate.framework/Versions/A/Frameworks/vecLib.framework/Versions/A/libSparseBLAS.dylib
0x00000000163cb000 	/System/Library/Frameworks/Accelerate.framework/Versions/A/Frameworks/vecLib.framework/Versions/A/libQuadrature.dylib
0x00000000163cb000 	/System/Library/Frameworks/Accelerate.framework/Versions/A/Frameworks/vecLib.framework/Versions/A/libBNNS.dylib
0x00000000163cb000 	/System/Library/Frameworks/Accelerate.framework/Versions/A/Frameworks/vecLib.framework/Versions/A/libSparse.dylib
0x00000000163cb000 	/System/Library/PrivateFrameworks/GPUWrangler.framework/Versions/A/GPUWrangler
0x00000000163cb000 	/System/Library/PrivateFrameworks/IOAccelerator.framework/Versions/A/IOAccelerator
0x00000000163cb000 	/System/Library/PrivateFrameworks/IOPresentment.framework/Versions/A/IOPresentment
0x00000000163cb000 	/System/Library/PrivateFrameworks/DSExternalDisplay.framework/Versions/A/DSExternalDisplay
0x00000000163cb000 	/System/Library/Frameworks/OpenGL.framework/Versions/A/Libraries/libCoreFSCache.dylib
0x00000000163cb000 	/System/Library/Frameworks/MetalPerformanceShaders.framework/Frameworks/MPSCore.framework/Versions/A/MPSCore
0x00000000163cb000 	/System/Library/Frameworks/MetalPerformanceShaders.framework/Frameworks/MPSImage.framework/Versions/A/MPSImage
0x00000000163cb000 	/System/Library/Frameworks/MetalPerformanceShaders.framework/Frameworks/MPSNeuralNetwork.framework/Versions/A/MPSNeuralNetwork
0x00000000163cb000 	/System/Library/Frameworks/MetalPerformanceShaders.framework/Frameworks/MPSMatrix.framework/Versions/A/MPSMatrix
0x00000000163cb000 	/System/Library/Frameworks/MetalPerformanceShaders.framework/Frameworks/MPSRayIntersector.framework/Versions/A/MPSRayIntersector
0x00000000163cb000 	/System/Library/PrivateFrameworks/MetalTools.framework/Versions/A/MetalTools
0x00000000163cb000 	/System/Library/PrivateFrameworks/AggregateDictionary.framework/Versions/A/AggregateDictionary
0x00000000163cb000 	/usr/lib/libMobileGestalt.dylib
0x00000000163cb000 	/System/Library/Frameworks/CoreVideo.framework/Versions/A/CoreVideo
0x00000000163cb000 	/System/Library/PrivateFrameworks/GraphVisualizer.framework/Versions/A/GraphVisualizer
0x00000000163cb000 	/System/Library/PrivateFrameworks/FaceCore.framework/Versions/A/FaceCore
0x00000000163cb000 	/System/Library/Frameworks/OpenCL.framework/Versions/A/OpenCL
0x00000000163cb000 	/usr/lib/libFosl_dynamic.dylib
0x00000000163cb000 	/System/Library/PrivateFrameworks/OTSVG.framework/Versions/A/OTSVG
0x00000000163cb000 	/System/Library/Frameworks/ApplicationServices.framework/Versions/A/Frameworks/ATS.framework/Versions/A/Resources/libFontParser.dylib
0x00000000163cb000 	/System/Library/Frameworks/ApplicationServices.framework/Versions/A/Frameworks/ATS.framework/Versions/A/Resources/libFontRegistry.dylib
0x00000000163cb000 	/System/Library/Frameworks/ImageIO.framework/Versions/A/Resources/libJPEG.dylib
0x00000000163cb000 	/System/Library/Frameworks/ImageIO.framework/Versions/A/Resources/libTIFF.dylib
0x00000000163cb000 	/System/Library/Frameworks/ImageIO.framework/Versions/A/Resources/libPng.dylib
0x00000000163cb000 	/System/Library/Frameworks/ImageIO.framework/Versions/A/Resources/libGIF.dylib
0x00000000163cb000 	/System/Library/Frameworks/ImageIO.framework/Versions/A/Resources/libJP2.dylib
0x00000000163cb000 	/System/Library/Frameworks/ImageIO.framework/Versions/A/Resources/libRadiance.dylib
0x00000000163cb000 	/System/Library/PrivateFrameworks/AppleJPEG.framework/Versions/A/AppleJPEG
0x00000000163cb000 	/System/Library/Frameworks/OpenGL.framework/Versions/A/Libraries/libGFXShared.dylib
0x00000000163cb000 	/System/Library/Frameworks/OpenGL.framework/Versions/A/Libraries/libGLU.dylib
0x00000000163cb000 	/System/Library/Frameworks/OpenGL.framework/Versions/A/Libraries/libGL.dylib
0x00000000163cb000 	/System/Library/Frameworks/OpenGL.framework/Versions/A/Libraries/libGLImage.dylib
0x00000000163cb000 	/System/Library/Frameworks/OpenGL.framework/Versions/A/Libraries/libCVMSPluginSupport.dylib
0x00000000163cb000 	/System/Library/Frameworks/OpenGL.framework/Versions/A/Libraries/libCoreVMClient.dylib
0x00000000163cb000 	/usr/lib/libcups.2.dylib
0x00000000163cb000 	/System/Library/Frameworks/Kerberos.framework/Versions/A/Kerberos
0x00000000163cb000 	/System/Library/Frameworks/GSS.framework/Versions/A/GSS
0x00000000163cb000 	/usr/lib/libresolv.9.dylib
0x00000000163cb000 	/usr/lib/libiconv.2.dylib
0x00000000163cb000 	/System/Library/PrivateFrameworks/Heimdal.framework/Versions/A/Heimdal
0x00000000163cb000 	/usr/lib/libheimdal-asn1.dylib
0x00000000163cb000 	/System/Library/Frameworks/OpenDirectory.framework/Versions/A/OpenDirectory
0x00000000163cb000 	/System/Library/PrivateFrameworks/CommonAuth.framework/Versions/A/CommonAuth
0x00000000163cb000 	/System/Library/Frameworks/OpenDirectory.framework/Versions/A/Frameworks/CFOpenDirectory.framework/Versions/A/CFOpenDirectory
0x00000000163cb000 	/System/Library/Frameworks/SecurityFoundation.framework/Versions/A/SecurityFoundation
0x00000000163cb000 	/System/Library/PrivateFrameworks/APFS.framework/Versions/A/APFS
0x00000000163cb000 	/usr/lib/libutil.dylib
0x00000000163cb000 	/usr/lib/libcharset.1.dylib
0x00000000163cb000 	/System/Library/PrivateFrameworks/AppleSauce.framework/Versions/A/AppleSauce
0x00000000163cb000 	/System/Library/PrivateFrameworks/AssertionServices.framework/Versions/A/AssertionServices
0x00000000163cb000 	/System/Library/PrivateFrameworks/BaseBoard.framework/Versions/A/BaseBoard
0x00000000163cb000 	/usr/lib/libmecab.1.0.0.dylib
0x00000000163cb000 	/usr/lib/libgermantok.dylib
0x00000000163cb000 	/usr/lib/libThaiTokenizer.dylib
0x00000000163cb000 	/usr/lib/libChineseTokenizer.dylib
0x00000000163cb000 	/System/Library/PrivateFrameworks/LanguageModeling.framework/Versions/A/LanguageModeling
0x00000000163cb000 	/System/Library/PrivateFrameworks/CoreEmoji.framework/Versions/A/CoreEmoji
0x00000000163cb000 	/System/Library/PrivateFrameworks/Lexicon.framework/Versions/A/Lexicon
0x00000000163cb000 	/System/Library/PrivateFrameworks/LinguisticData.framework/Versions/A/LinguisticData
0x00000000163cb000 	/usr/lib/libcmph.dylib
0x00000000163cb000 	/System/Library/Frameworks/ServiceManagement.framework/Versions/A/ServiceManagement
0x00000000163cb000 	/System/Library/PrivateFrameworks/BackgroundTaskManagement.framework/Versions/A/BackgroundTaskManagement
0x00000000163cb000 	/usr/lib/libxslt.1.dylib
0x00000000163cb000 	/System/Library/Frameworks/Carbon.framework/Versions/A/Frameworks/Ink.framework/Versions/A/Ink
0x00000000163cb000 	/System/Library/PrivateFrameworks/TextureIO.framework/Versions/A/TextureIO
0x00000000163cb000 	/usr/lib/libate.dylib
0x00000000163cb000 	/System/Library/PrivateFrameworks/CrashReporterSupport.framework/Versions/A/CrashReporterSupport
0x00000000163cb000 	/System/Library/PrivateFrameworks/Sharing.framework/Versions/A/Sharing
0x00000000163cb000 	/System/Library/PrivateFrameworks/AuthKit.framework/Versions/A/AuthKit
0x00000000163cb000 	/System/Library/PrivateFrameworks/Apple80211.framework/Versions/A/Apple80211
0x00000000163cb000 	/System/Library/PrivateFrameworks/CoreUtils.framework/Versions/A/CoreUtils
0x00000000163cb000 	/System/Library/Frameworks/CoreWLAN.framework/Versions/A/CoreWLAN
0x00000000163cb000 	/System/Library/Frameworks/IOBluetooth.framework/Versions/A/IOBluetooth
0x00000000163cb000 	/System/Library/PrivateFrameworks/ProtocolBuffer.framework/Versions/A/ProtocolBuffer
0x00000000163cb000 	/System/Library/PrivateFrameworks/MobileKeyBag.framework/Versions/A/MobileKeyBag
0x00000000163cb000 	/System/Library/PrivateFrameworks/CorePhoneNumbers.framework/Versions/A/CorePhoneNumbers
0x00000000163cb000 	/System/Library/PrivateFrameworks/AppleIDAuthSupport.framework/Versions/A/AppleIDAuthSupport
0x00000000163cb000 	/System/Library/PrivateFrameworks/KeychainCircle.framework/Versions/A/KeychainCircle
0x00000000163cb000 	/System/Library/PrivateFrameworks/ROCKit.framework/Versions/A/ROCKit
0x00000000163cb000 	/System/Library/PrivateFrameworks/CoreWiFi.framework/Versions/A/CoreWiFi
0x00000000163cb000 	/System/Library/Frameworks/CoreBluetooth.framework/Versions/A/CoreBluetooth
0x00000000163cb000 	/System/Library/PrivateFrameworks/DebugSymbols.framework/Versions/A/DebugSymbols
0x00000000163cb000 	/System/Library/PrivateFrameworks/CoreSymbolication.framework/Versions/A/CoreSymbolication
0x00000000163cb000 	/System/Library/PrivateFrameworks/Symbolication.framework/Versions/A/Symbolication
0x00000000163cb000 	/System/Library/PrivateFrameworks/SpeechRecognitionCore.framework/Versions/A/SpeechRecognitionCore
0x00000000163cb000 	/System/Library/CoreServices/Encodings/libKoreanConverter.dylib
0x0000000107d5b000 	/Library/Java/JavaVirtualMachines/jdk1.8.0_161.jdk/Contents/Home/jre/lib/server/libjvm.dylib
0x00000000163cb000 	/usr/lib/libstdc++.6.dylib
0x0000000108d09000 	/Library/Java/JavaVirtualMachines/jdk1.8.0_161.jdk/Contents/Home/jre/lib/libverify.dylib
0x0000000108d17000 	/Library/Java/JavaVirtualMachines/jdk1.8.0_161.jdk/Contents/Home/jre/lib/libjava.dylib
0x0000000108d4e000 	/Library/Java/JavaVirtualMachines/jdk1.8.0_161.jdk/Contents/Home/jre/lib/libinstrument.dylib
0x0000000108dec000 	/Library/Java/JavaVirtualMachines/jdk1.8.0_161.jdk/Contents/Home/jre/lib/libzip.dylib
0x00000001100f6000 	/Library/Java/JavaVirtualMachines/jdk1.8.0_161.jdk/Contents/Home/jre/lib/libnet.dylib
0x0000000110155000 	/Library/Java/JavaVirtualMachines/jdk1.8.0_161.jdk/Contents/Home/jre/lib/libprism_es2.dylib
0x00000000163cb000 	/System/Library/PrivateFrameworks/CoreServicesInternal.framework/Versions/A/CoreServicesInternal
0x00000000163cb000 	/System/Library/Frameworks/OpenGL.framework/Versions/A/Resources/GLEngine.bundle/GLEngine
0x00000000163cb000 	/System/Library/Frameworks/OpenGL.framework/Versions/A/Libraries/libGLProgrammability.dylib
0x00000000163cb000 	/System/Library/Extensions/AppleIntelBDWGraphicsGLDriver.bundle/Contents/MacOS/AppleIntelBDWGraphicsGLDriver
0x00000000163cb000 	/System/Library/PrivateFrameworks/GPUSupport.framework/Versions/A/Libraries/libGPUSupportMercury.dylib
0x00000000163cb000 	/System/Library/Frameworks/OpenGL.framework/Versions/A/Resources/GLRendererFloat.bundle/GLRendererFloat
0x00000000163cb000 	/System/Library/Frameworks/OpenCL.framework/Versions/A/Libraries/libcldcpuengine.dylib
0x00000000163cb000 	/usr/lib/libcrypto.35.dylib
0x00000000163cb000 	/System/Library/PrivateFrameworks/TrustEvaluationAgent.framework/Versions/A/TrustEvaluationAgent
0x0000000110ba9000 	/Library/Java/JavaVirtualMachines/jdk1.8.0_161.jdk/Contents/Home/jre/lib/libglass.dylib
0x00000000163cb000 	/System/Library/CoreServices/RawCamera.bundle/Contents/MacOS/RawCamera
0x00000000163cb000 	/System/Library/PrivateFrameworks/MobileAsset.framework/Versions/A/MobileAsset
0x00000000163cb000 	/System/Library/PrivateFrameworks/StreamingZip.framework/Versions/A/StreamingZip
0x00000000163cb000 	/System/Library/Frameworks/MediaToolbox.framework/Versions/A/MediaToolbox
0x00000000163cb000 	/System/Library/PrivateFrameworks/CoreAVCHD.framework/Versions/A/CoreAVCHD
0x00000000163cb000 	/System/Library/Frameworks/MediaAccessibility.framework/Versions/A/MediaAccessibility
0x00000000163cb000 	/System/Library/PrivateFrameworks/Mangrove.framework/Versions/A/Mangrove
0x00000000163cb000 	/System/Library/Frameworks/CoreMedia.framework/Versions/A/CoreMedia
0x00000000163cb000 	/System/Library/Frameworks/VideoToolbox.framework/Versions/A/VideoToolbox
0x00000000163cb000 	/System/Library/PrivateFrameworks/CoreAUC.framework/Versions/A/CoreAUC
0x00000000163cb000 	/usr/lib/libspindump.dylib
0x00000000163cb000 	/System/Library/PrivateFrameworks/AppleVA.framework/Versions/A/AppleVA
0x00000000163cb000 	/System/Library/Frameworks/Accelerate.framework/Versions/A/Frameworks/vImage.framework/Versions/A/Libraries/libCGInterfaces.dylib
0x00000000163cb000 	/System/Library/PrivateFrameworks/FamilyControls.framework/Versions/A/FamilyControls
0x00000000163cb000 	/System/Library/PrivateFrameworks/CommerceKit.framework/Versions/A/Frameworks/CommerceCore.framework/Versions/A/CommerceCore
0x00000000163cb000 	/System/Library/PrivateFrameworks/SystemAdministration.framework/Versions/A/SystemAdministration
0x00000000163cb000 	/System/Library/PrivateFrameworks/AppContainer.framework/Versions/A/AppContainer
0x00000000163cb000 	/System/Library/PrivateFrameworks/AppSandbox.framework/Versions/A/AppSandbox
0x00000000163cb000 	/System/Library/PrivateFrameworks/SecCodeWrapper.framework/Versions/A/SecCodeWrapper
0x00000000163cb000 	/usr/lib/libsandbox.1.dylib
0x00000000163cb000 	/usr/lib/libMatch.1.dylib
0x00000000163cb000 	/System/Library/PrivateFrameworks/DiskManagement.framework/Versions/A/DiskManagement
0x00000000163cb000 	/System/Library/Frameworks/DirectoryService.framework/Versions/A/DirectoryService
0x00000000163cb000 	/System/Library/PrivateFrameworks/DiskImages.framework/Versions/A/DiskImages
0x00000000163cb000 	/System/Library/PrivateFrameworks/LoginUIKit.framework/Versions/A/Frameworks/LoginUICore.framework/Versions/A/LoginUICore
0x00000000163cb000 	/usr/lib/libCoreStorage.dylib
0x00000000163cb000 	/usr/lib/libcsfde.dylib
0x00000000163cb000 	/usr/lib/libodfde.dylib
0x00000000163cb000 	/System/Library/PrivateFrameworks/MediaKit.framework/Versions/A/MediaKit
0x00000000163cb000 	/System/Library/Frameworks/DiscRecording.framework/Versions/A/DiscRecording
0x00000000163cb000 	/System/Library/PrivateFrameworks/EFILogin.framework/Versions/A/EFILogin
0x00000000163cb000 	/System/Library/PrivateFrameworks/ProtectedCloudStorage.framework/Versions/A/ProtectedCloudStorage
0x00000000163cb000 	/usr/lib/libcurl.4.dylib
0x00000000163cb000 	/usr/lib/libcrypto.42.dylib
0x00000000163cb000 	/usr/lib/libssl.44.dylib
0x00000000163cb000 	/System/Library/Frameworks/LDAP.framework/Versions/A/LDAP
0x00000000163cb000 	/usr/lib/libsasl2.2.dylib
0x00000000163cb000 	/System/Library/PrivateFrameworks/CoreDaemon.framework/Versions/B/CoreDaemon
0x00000000163cb000 	/System/Library/PrivateFrameworks/AppleSRP.framework/Versions/A/AppleSRP
0x00000000163cb000 	/System/Library/PrivateFrameworks/ViewBridge.framework/Versions/A/ViewBridge
0x000000012395c000 	/Library/Java/JavaVirtualMachines/jdk1.8.0_161.jdk/Contents/Home/jre/lib/libawt.dylib
0x0000000123a06000 	/Library/Java/JavaVirtualMachines/jdk1.8.0_161.jdk/Contents/Home/jre/lib/./libmlib_image.dylib
0x00000000163cb000 	/System/Library/Frameworks/JavaVM.framework/Versions/A/Frameworks/JavaNativeFoundation.framework/Versions/A/JavaNativeFoundation
0x00000000163cb000 	/System/Library/Frameworks/JavaVM.framework/Versions/A/Frameworks/JavaRuntimeSupport.framework/Versions/A/JavaRuntimeSupport
0x00000000163cb000 	/System/Library/Frameworks/JavaVM.framework/Versions/A/JavaVM
0x00000000163cb000 	/System/Library/PrivateFrameworks/JavaLaunching.framework/Versions/A/JavaLaunching
0x00000000163cb000 	/System/Library/Frameworks/Carbon.framework/Versions/A/Carbon
0x00000000163cb000 	/System/Library/Frameworks/Carbon.framework/Versions/A/Frameworks/CommonPanels.framework/Versions/A/CommonPanels
0x00000000163cb000 	/System/Library/Frameworks/Carbon.framework/Versions/A/Frameworks/Help.framework/Versions/A/Help
0x00000000163cb000 	/System/Library/Frameworks/Carbon.framework/Versions/A/Frameworks/ImageCapture.framework/Versions/A/ImageCapture
0x00000000163cb000 	/System/Library/Frameworks/Carbon.framework/Versions/A/Frameworks/OpenScripting.framework/Versions/A/OpenScripting
0x00000000163cb000 	/System/Library/Frameworks/Carbon.framework/Versions/A/Frameworks/Print.framework/Versions/A/Print
0x00000000163cb000 	/System/Library/Frameworks/Carbon.framework/Versions/A/Frameworks/SecurityHI.framework/Versions/A/SecurityHI
0x0000000123ad2000 	/Library/Java/JavaVirtualMachines/jdk1.8.0_161.jdk/Contents/Home/jre/lib/libawt_lwawt.dylib
0x0000000123b8c000 	/Library/Java/JavaVirtualMachines/jdk1.8.0_161.jdk/Contents/Home/jre/lib/./libosxapp.dylib
0x00000000163cb000 	/System/Library/Frameworks/ExceptionHandling.framework/Versions/A/ExceptionHandling
0x0000000123ba8000 	/Library/Java/JavaVirtualMachines/jdk1.8.0_161.jdk/Contents/Home/jre/lib/libfontmanager.dylib
0x0000000110768000 	/Library/Java/JavaVirtualMachines/jdk1.8.0_161.jdk/Contents/Home/jre/lib/libjavafx_font.dylib
0x00000000163cb000 	/System/Library/Frameworks/ApplicationServices.framework/Versions/A/Frameworks/ATS.framework/Versions/A/Resources/libTrueTypeScaler.dylib
0x00000001243e0000 	/private/var/folders/qq/fwtgzrms05d5ym95sljkzd5w0000gn/T/libJNativeHook-2.1.0.x86_64.dylib
0x00000001251d6000 	/usr/lib/libobjc-trampolines.dylib
0x00000000163cb000 	/System/Library/Extensions/AppleIntelBDWGraphicsMTLDriver.bundle/Contents/MacOS/AppleIntelBDWGraphicsMTLDriver
0x0000000128b40000 	/Library/Java/JavaVirtualMachines/jdk1.8.0_161.jdk/Contents/Home/jre/lib/libprism_common.dylib
0x00000000163cb000 	/System/Library/PrivateFrameworks/GPUCompiler.framework/Versions/3902/Libraries/libmetal_timestamp.dylib
0x00000000163cb000 	/System/Library/PrivateFrameworks/login.framework/Versions/A/login

VM Arguments:
jvm_args: -javaagent:/Applications/IntelliJ IDEA.app/Contents/lib/idea_rt.jar=58982:/Applications/IntelliJ IDEA.app/Contents/bin -Dfile.encoding=UTF-8 
java_command: exec.Main
java_class_path (initial): /Library/Java/JavaVirtualMachines/jdk1.8.0_161.jdk/Contents/Home/jre/lib/charsets.jar:/Library/Java/JavaVirtualMachines/jdk1.8.0_161.jdk/Contents/Home/jre/lib/deploy.jar:/Library/Java/JavaVirtualMachines/jdk1.8.0_161.jdk/Contents/Home/jre/lib/ext/cldrdata.jar:/Library/Java/JavaVirtualMachines/jdk1.8.0_161.jdk/Contents/Home/jre/lib/ext/dnsns.jar:/Library/Java/JavaVirtualMachines/jdk1.8.0_161.jdk/Contents/Home/jre/lib/ext/jaccess.jar:/Library/Java/JavaVirtualMachines/jdk1.8.0_161.jdk/Contents/Home/jre/lib/ext/jfxrt.jar:/Library/Java/JavaVirtualMachines/jdk1.8.0_161.jdk/Contents/Home/jre/lib/ext/localedata.jar:/Library/Java/JavaVirtualMachines/jdk1.8.0_161.jdk/Contents/Home/jre/lib/ext/nashorn.jar:/Library/Java/JavaVirtualMachines/jdk1.8.0_161.jdk/Contents/Home/jre/lib/ext/sunec.jar:/Library/Java/JavaVirtualMachines/jdk1.8.0_161.jdk/Contents/Home/jre/lib/ext/sunjce_provider.jar:/Library/Java/JavaVirtualMachines/jdk1.8.0_161.jdk/Contents/Home/jre/lib/ext/sunpkcs11.jar:/Library/Java/JavaVirtualMachines/jdk1.8.0_161.jdk/Contents/Home/jre/lib/ext/zipfs.jar:/Library/Java/JavaVirtualMachines/jdk1.8.0_161.jdk/Contents/Home/jre/lib/javaws.jar:/Library/Java/JavaVirtualMachines/jdk1.8.0_161.jdk/Contents/Home/jre/lib/jce.jar:/Library/Java/JavaVirtualMachines/jdk1.8.0_161.jdk/Contents/Home/jre/lib/jfr.jar:/Library/Java/JavaVirtualMachines/jdk1.8.0_161.jdk/Contents/Home/jre/lib/jfxswt.jar:/Library/Java/JavaVirtualMachines/jdk1.8.0_161.jdk/Contents/Home/jre/lib/jsse.jar:/Library/Java/JavaVirtualMachines/jdk1.8.0_161.jdk/Contents/Home/jre/lib/management-agent.jar:/Library/Java/JavaVirtualMachines/jdk1.8.0_161.jdk/Contents/Home/jre/lib/plugin.jar:/Library/Java/JavaVirtualMachines/jdk1.8.0_161.jdk/Contents/Home/jre/lib/resources.jar:/Library/Java/JavaVirtualMachines/jdk1.8.0_161.jdk/Contents/Home/jre/lib/rt.jar:/Library/Java/JavaVirtualMachines/jdk1.8.0_161.jdk/Contents/Home/lib/ant-javafx.jar:/Library/Java/JavaVirtualMachines/jdk1.8.0_161.jdk/Contents/Home
Launcher Type: SUN_STANDARD

Environment Variables:
PATH=/usr/local/bin:/usr/bin:/bin:/usr/sbin:/sbin:/Users/osejin/.rvm/bin
SHELL=/bin/zsh

Signal Handlers:
SIGSEGV: [libjvm.dylib+0x5b5439], sa_mask[0]=11111111011111110111111111111111, sa_flags=SA_ONSTACK|SA_RESTART|SA_SIGINFO
SIGBUS: [libjvm.dylib+0x5b5439], sa_mask[0]=11111111011111110111111111111111, sa_flags=SA_RESTART|SA_SIGINFO
SIGFPE: [libjvm.dylib+0x48ae24], sa_mask[0]=11111111011111110111111111111111, sa_flags=SA_RESTART|SA_SIGINFO
SIGPIPE: [libjvm.dylib+0x48ae24], sa_mask[0]=11111111011111110111111111111111, sa_flags=SA_RESTART|SA_SIGINFO
SIGXFSZ: [libjvm.dylib+0x48ae24], sa_mask[0]=11111111011111110111111111111111, sa_flags=SA_RESTART|SA_SIGINFO
SIGILL: [libjvm.dylib+0x48ae24], sa_mask[0]=11111111011111110111111111111111, sa_flags=SA_RESTART|SA_SIGINFO
SIGUSR1: SIG_DFL, sa_mask[0]=00000000000000000000000000000000, sa_flags=none
SIGUSR2: [libjvm.dylib+0x48a942], sa_mask[0]=00100000000000000000000000000000, sa_flags=SA_RESTART|SA_SIGINFO
SIGHUP: [libjvm.dylib+0x488f0d], sa_mask[0]=11111111011111110111111111111111, sa_flags=SA_RESTART|SA_SIGINFO
SIGINT: [libjvm.dylib+0x488f0d], sa_mask[0]=11111111011111110111111111111111, sa_flags=SA_RESTART|SA_SIGINFO
SIGTERM: [libjvm.dylib+0x488f0d], sa_mask[0]=11111111011111110111111111111111, sa_flags=SA_RESTART|SA_SIGINFO
SIGQUIT: [libjvm.dylib+0x488f0d], sa_mask[0]=11111111011111110111111111111111, sa_flags=SA_RESTART|SA_SIGINFO


---------------  S Y S T E M  ---------------

OS:Bsduname:Darwin 18.0.0 Darwin Kernel Version 18.0.0: Wed Aug 22 20:13:40 PDT 2018; root:xnu-4903.201.2~1/RELEASE_X86_64 x86_64
rlimit: STACK 8192k, CORE 0k, NPROC 709, NOFILE 10240, AS infinity
load average:4.13 2.78 2.44

CPU:total 4 (initial active 4) (2 cores per cpu, 2 threads per core) family 6 model 61 stepping 4, cmov, cx8, fxsr, mmx, sse, sse2, sse3, ssse3, sse4.1, sse4.2, popcnt, avx, avx2, aes, clmul, erms, 3dnowpref, lzcnt, ht, tsc, tscinvbit, bmi1, bmi2, adx

Memory: 4k page, physical 8388608k(228156k free)

/proc/meminfo:


vm_info: Java HotSpot(TM) 64-Bit Server VM (25.161-b12) for bsd-amd64 JRE (1.8.0_161-b12), built on Dec 19 2017 16:22:20 by "java_re" with gcc 4.2.1 (Based on Apple Inc. build 5658) (LLVM build 2336.11.00)

time: Sun Dec 16 07:02:29 2018
elapsed time: 5 seconds (0d 0h 0m 5s)

