#
# A fatal error has been detected by the Java Runtime Environment:
#
#  SIGSEGV (0xb) at pc=0x00007fff676ed6df, pid=9879, tid=0x0000000000000307
#
# JRE version: Java(TM) SE Runtime Environment (8.0_161-b12) (build 1.8.0_161-b12)
# Java VM: Java HotSpot(TM) 64-Bit Server VM (25.161-b12 mixed mode bsd-amd64 compressed oops)
# Problematic frame:
# C  [SkyLight+0x10f6df]  SLEventGetIntegerValueField+0x153
#
# Failed to write core dump. Core dumps have been disabled. To enable core dumping, try "ulimit -c unlimited" before starting Java again
#
# If you would like to submit a bug report, please visit:
#   http://bugreport.java.com/bugreport/crash.jsp
# The crash happened outside the Java Virtual Machine in native code.
# See problematic frame for where to report the bug.
#

---------------  T H R E A D  ---------------

Current thread (0x00007fe670188000):  JavaThread "JavaFX Application Thread" [_thread_in_native, id=775, stack(0x00007ffee396a000,0x00007ffee416a000)]

siginfo: si_signo: 11 (SIGSEGV), si_code: 0 (unknown), si_addr: 0x0000000000000000

Registers:
RAX=0xed49e803dc9a00dd, RBX=0x00007fe671268600, RCX=0x00047fe67260a070, RDX=0x00000000ffffffe2
RSP=0x00007ffee41651e0, RBP=0x00007ffee4165200, RSI=0x0000000000000009, RDI=0x00007fe672608d50
R8 =0x00007fff98ffb2c8, R9 =0xffffffffffffffff, R10=0x00007fe66fdb3ac0, R11=0xafee5cdc9807cb5c
R12=0x00007fe672608d50, R13=0x00007fe66fdb6af0, R14=0x00007fe66ff4f6c8, R15=0x00007fe671268630
RIP=0x00007fff676ed6df, EFLAGS=0x0000000000010287, ERR=0x0000000000000000
  TRAPNO=0x000000000000000d

Top of Stack: (sp=0x00007ffee41651e0)
0x00007ffee41651e0:   00007fe672608d50 ed49e803dc9a00dd
0x00007ffee41651f0:   00007fe671268600 00007fe66ff4f6c8
0x00007ffee4165200:   00007fe671268600 000000012814a602
0x00007ffee4165210:   000000000000000b 00007fe66fc07440
0x00007ffee4165220:   00007fe66fc07440 0000000000000001
0x00007ffee4165230:   000000002b3100e2 0000000000000000
0x00007ffee4165240:   0000000000000004 00007fe66ff4f6c0
0x00007ffee4165250:   0000000300002e88 00007fe66fe00240
0x00007ffee4165260:   00007fe66ff4f6c0 0000000000000000
0x00007ffee4165270:   00007ffee4165290 000000012814c62b
0x00007ffee4165280:   000000012814c600 00007fff4169d405
0x00007ffee4165290:   00007ffee41652c0 00007fff4169d3ab
0x00007ffee41652a0:   00007fe66fe00330 00007fe66fe00230
0x00007ffee41652b0:   00007fe66fe00340 0000000000000001
0x00007ffee41652c0:   00007ffee4165330 00007fff41680e51
0x00007ffee41652d0:   00007ffee4165290 0000000000000001
0x00007ffee41652e0:   00007fe66fe00230 00007fe66fe00340
0x00007ffee41652f0:   00007fe66fe00240 000000016fe00330
0x00007ffee4165300:   00007fe66ff5c110 00007fe66fe00230
0x00007ffee4165310:   0000000000000001 0000000000001201
0x00007ffee4165320:   0000000000001303 00007fe66fe00330
0x00007ffee4165330:   00007ffee4166020 00007fff416803fa
0x00007ffee4165340:   00007ffee41653b0 00007fff3f7c0886
0x00007ffee4165350:   0000000000001203 0000000000000c03
0x00007ffee4165360:   00007fff992368e0 00007fff3f7c264b
0x00007ffee4165370:   00007fff3f7c8bf1 00007fff3f7c0832
0x00007ffee4165380:   00007fff4298ee04 00007fe66fcd5c18
0x00007ffee4165390:   00007fe6730050b0 ffffffffffffffff
0x00007ffee41653a0:   0000000000000000 00007fe67224b8d0
0x00007ffee41653b0:   00007fe6730050c0 00007fe66fe00240
0x00007ffee41653c0:   00007fe66fe00340 0000000000000000
0x00007ffee41653d0:   0000000000000000 0000000100001203 

Instructions: (pc=0x00007fff676ed6df)
0x00007fff676ed6bf:   b7 41 64 e9 6f 05 00 00 0f b7 81 d8 00 00 00 e9
0x00007fff676ed6cf:   63 05 00 00 0f b7 81 da 00 00 00 e9 57 05 00 00
0x00007fff676ed6df:   8b 51 08 31 c0 8d 7a ff 83 ff 1e 0f 87 46 05 00
0x00007fff676ed6ef:   00 48 8d 1d 99 08 00 00 48 63 3c bb 48 01 df ff 

Register to memory mapping:

RAX=0xed49e803dc9a00dd is an unknown value
RBX=0x00007fe671268600 is an unknown value
RCX=0x00047fe67260a070 is an unknown value
RDX=0x00000000ffffffe2 is an unknown value
RSP=0x00007ffee41651e0 is pointing into the stack for thread: 0x00007fe670188000
RBP=0x00007ffee4165200 is pointing into the stack for thread: 0x00007fe670188000
RSI=0x0000000000000009 is an unknown value
RDI=0x00007fe672608d50 is an unknown value
R8 =0x00007fff98ffb2c8: __block_descriptor_tmp+0xe4f0 in /System/Library/Frameworks/Carbon.framework/Versions/A/Frameworks/HIToolbox.framework/Versions/A/HIToolbox at 0x00007fff4090f000
R9 =0xffffffffffffffff is an unknown value
R10=0x00007fe66fdb3ac0 is an unknown value
R11=0xafee5cdc9807cb5c is an unknown value
R12=0x00007fe672608d50 is an unknown value
R13=0x00007fe66fdb6af0 is an unknown value
R14=0x00007fe66ff4f6c8 is an unknown value
R15=0x00007fe671268630 is an unknown value


Stack: [0x00007ffee396a000,0x00007ffee416a000],  sp=0x00007ffee41651e0,  free space=8172k
Native frames: (J=compiled Java code, j=interpreted, Vv=VM code, C=native code)
C  [SkyLight+0x10f6df]  SLEventGetIntegerValueField+0x153
C  [libJNativeHook-2.1.0.x86_64.dylib+0x3602]  keycode_to_unicode+0x132


---------------  P R O C E S S  ---------------

Java Threads: ( => current thread )
  0x00007fe670354800 JavaThread "JNativeHook Dispatch Thread" daemon [_thread_blocked, id=70423, stack(0x0000700005816000,0x0000700005916000)]
  0x00007fe670b3a800 JavaThread "Prism Font Disposer" daemon [_thread_blocked, id=77323, stack(0x0000700005690000,0x0000700005790000)]
  0x00007fe671204800 JavaThread "AWT-Shutdown" [_thread_blocked, id=78387, stack(0x000070000558d000,0x000070000568d000)]
  0x00007fe6711fe800 JavaThread "Java2D Disposer" daemon [_thread_blocked, id=78851, stack(0x000070000548a000,0x000070000558a000)]
  0x00007fe670a4e000 JavaThread "Java2D Queue Flusher" daemon [_thread_blocked, id=51975, stack(0x0000700005387000,0x0000700005487000)]
  0x00007fe67020e800 JavaThread "Image Fetcher 0" daemon [_thread_blocked, id=51463, stack(0x0000700005284000,0x0000700005384000)]
  0x00007fe670202800 JavaThread "JNativeHook Hook Thread" [_thread_in_native, id=50435, stack(0x0000700005181000,0x0000700005281000)]
  0x00007fe67117e800 JavaThread "JavaFX-Launcher" [_thread_blocked, id=48903, stack(0x000070000507e000,0x000070000517e000)]
  0x00007fe6709f2000 JavaThread "Thread-3" daemon [_thread_in_native, id=28931, stack(0x0000700004f78000,0x0000700004ff8000)]
=>0x00007fe670188000 JavaThread "JavaFX Application Thread" [_thread_in_native, id=775, stack(0x00007ffee396a000,0x00007ffee416a000)]
  0x00007fe67018c800 JavaThread "Thread-1" daemon [_thread_blocked, id=23811, stack(0x0000700004d6f000,0x0000700004e6f000)]
  0x00007fe671885000 JavaThread "QuantumRenderer-0" daemon [_thread_in_Java, id=15619, stack(0x0000700004c6c000,0x0000700004d6c000)]
  0x00007fe671856800 JavaThread "Service Thread" daemon [_thread_blocked, id=15363, stack(0x0000700004a66000,0x0000700004b66000)]
  0x00007fe671036800 JavaThread "C1 CompilerThread2" daemon [_thread_in_native, id=15107, stack(0x0000700004963000,0x0000700004a63000)]
  0x00007fe671856000 JavaThread "C2 CompilerThread1" daemon [_thread_blocked, id=18691, stack(0x0000700004860000,0x0000700004960000)]
  0x00007fe67083e800 JavaThread "C2 CompilerThread0" daemon [_thread_blocked, id=14339, stack(0x000070000475d000,0x000070000485d000)]
  0x00007fe671818000 JavaThread "Monitor Ctrl-Break" daemon [_thread_in_native, id=13827, stack(0x000070000465a000,0x000070000475a000)]
  0x00007fe671021800 JavaThread "Signal Dispatcher" daemon [_thread_blocked, id=18947, stack(0x0000700004557000,0x0000700004657000)]
  0x00007fe67180d800 JavaThread "Finalizer" daemon [_thread_blocked, id=20227, stack(0x0000700004454000,0x0000700004554000)]
  0x00007fe67101f800 JavaThread "Reference Handler" daemon [_thread_blocked, id=11523, stack(0x0000700004351000,0x0000700004451000)]
  0x00007fe670002000 JavaThread "main" [_thread_blocked, id=9731, stack(0x0000700003d3f000,0x0000700003e3f000)]

Other Threads:
  0x00007fe671801000 VMThread [stack: 0x000070000424e000,0x000070000434e000] [id=20995]
  0x00007fe670022800 WatcherThread [stack: 0x0000700004b69000,0x0000700004c69000] [id=17923]

VM state:not at safepoint (normal execution)

VM Mutex/Monitor currently owned by a thread: None

Heap:
 PSYoungGen      total 38400K, used 25812K [0x0000000795580000, 0x0000000798000000, 0x00000007c0000000)
  eden space 33280K, 65% used [0x0000000795580000,0x0000000796ac2f98,0x0000000797600000)
  from space 5120K, 78% used [0x0000000797600000,0x00000007979f22a0,0x0000000797b00000)
  to   space 5120K, 0% used [0x0000000797b00000,0x0000000797b00000,0x0000000798000000)
 ParOldGen       total 87552K, used 72K [0x0000000740000000, 0x0000000745580000, 0x0000000795580000)
  object space 87552K, 0% used [0x0000000740000000,0x0000000740012010,0x0000000745580000)
 Metaspace       used 19706K, capacity 20524K, committed 20736K, reserved 1067008K
  class space    used 2767K, capacity 2977K, committed 3072K, reserved 1048576K

Card table byte_map: [0x000000010d7c0000,0x000000010dbc1000] byte_map_base: 0x0000000109dc0000

Marking Bits: (ParMarkBitMap*) 0x000000010c3b86c0
 Begin Bits: [0x000000010de6c000, 0x000000010fe6c000)
 End Bits:   [0x000000010fe6c000, 0x0000000111e6c000)

Polling page: 0x000000010cab3000

CodeCache: size=245760Kb used=4865Kb max_used=4865Kb free=240894Kb
 bounds [0x0000000118a48000, 0x0000000118f18000, 0x0000000127a48000]
 total_blobs=2326 nmethods=1566 adapters=673
 compilation: enabled

Compilation events (10 events):
Event: 4.311 Thread 0x00007fe67083e800 nmethod 1537 0x0000000118f00c50 code [0x0000000118f00e80, 0x0000000118f01018]
Event: 4.312 Thread 0x00007fe671036800 1538       3       java.nio.Buffer::limit (62 bytes)
Event: 4.312 Thread 0x00007fe671036800 nmethod 1538 0x0000000118f00710 code [0x0000000118f00880, 0x0000000118f00b88]
Event: 4.315 Thread 0x00007fe671036800 1539       3       javafx.scene.Scene::getWindow (22 bytes)
Event: 4.315 Thread 0x00007fe671036800 nmethod 1539 0x0000000118efff90 code [0x0000000118f00120, 0x0000000118f005c8]
Event: 4.315 Thread 0x00007fe671036800 1541       3       com.sun.javafx.scene.control.behavior.KeyBinding::getSpecificity (165 bytes)
Event: 4.316 Thread 0x00007fe671036800 nmethod 1541 0x0000000118f01210 code [0x0000000118f01400, 0x0000000118f02058]
Event: 4.316 Thread 0x00007fe671036800 1540       1       com.sun.javafx.event.CompositeEventHandler$EventProcessorRecord::access$000 (5 bytes)
Event: 4.316 Thread 0x00007fe671036800 nmethod 1540 0x0000000118f022d0 code [0x0000000118f02420, 0x0000000118f02510]
Event: 4.319 Thread 0x00007fe671036800 1543       3       java.util.WeakHashMap::<init> (133 bytes)

GC Heap History (2 events):
Event: 1.832 GC heap before
{Heap before GC invocations=1 (full 0):
 PSYoungGen      total 38400K, used 33280K [0x0000000795580000, 0x0000000798000000, 0x00000007c0000000)
  eden space 33280K, 100% used [0x0000000795580000,0x0000000797600000,0x0000000797600000)
  from space 5120K, 0% used [0x0000000797b00000,0x0000000797b00000,0x0000000798000000)
  to   space 5120K, 0% used [0x0000000797600000,0x0000000797600000,0x0000000797b00000)
 ParOldGen       total 87552K, used 0K [0x0000000740000000, 0x0000000745580000, 0x0000000795580000)
  object space 87552K, 0% used [0x0000000740000000,0x0000000740000000,0x0000000745580000)
 Metaspace       used 12362K, capacity 12804K, committed 13056K, reserved 1060864K
  class space    used 1608K, capacity 1737K, committed 1792K, reserved 1048576K
Event: 1.837 GC heap after
Heap after GC invocations=1 (full 0):
 PSYoungGen      total 38400K, used 4040K [0x0000000795580000, 0x0000000798000000, 0x00000007c0000000)
  eden space 33280K, 0% used [0x0000000795580000,0x0000000795580000,0x0000000797600000)
  from space 5120K, 78% used [0x0000000797600000,0x00000007979f22a0,0x0000000797b00000)
  to   space 5120K, 0% used [0x0000000797b00000,0x0000000797b00000,0x0000000798000000)
 ParOldGen       total 87552K, used 72K [0x0000000740000000, 0x0000000745580000, 0x0000000795580000)
  object space 87552K, 0% used [0x0000000740000000,0x0000000740012010,0x0000000745580000)
 Metaspace       used 12362K, capacity 12804K, committed 13056K, reserved 1060864K
  class space    used 1608K, capacity 1737K, committed 1792K, reserved 1048576K
}

Deoptimization events (10 events):
Event: 2.222 Thread 0x00007fe670188000 Uncommon trap: reason=class_check action=maybe_recompile pc=0x0000000118cc32c4 method=java.io.DataInputStream.readShort()S @ 4
Event: 2.222 Thread 0x00007fe670188000 Uncommon trap: reason=class_check action=maybe_recompile pc=0x0000000118cc32c4 method=java.io.DataInputStream.readShort()S @ 4
Event: 2.227 Thread 0x00007fe670188000 Uncommon trap: reason=class_check action=maybe_recompile pc=0x0000000118b5fc08 method=java.lang.String.equals(Ljava/lang/Object;)Z @ 8
Event: 2.227 Thread 0x00007fe670188000 Uncommon trap: reason=class_check action=maybe_recompile pc=0x0000000118b5fc08 method=java.lang.String.equals(Ljava/lang/Object;)Z @ 8
Event: 2.227 Thread 0x00007fe670188000 Uncommon trap: reason=class_check action=maybe_recompile pc=0x0000000118b5fc08 method=java.lang.String.equals(Ljava/lang/Object;)Z @ 8
Event: 2.227 Thread 0x00007fe670188000 Uncommon trap: reason=class_check action=maybe_recompile pc=0x0000000118b5fc08 method=java.lang.String.equals(Ljava/lang/Object;)Z @ 8
Event: 2.446 Thread 0x00007fe670188000 Uncommon trap: reason=unstable_if action=reinterpret pc=0x0000000118d63aa4 method=jdk.internal.org.objectweb.asm.Type.getArgumentsAndReturnSizes(Ljava/lang/String;)I @ 47
Event: 4.304 Thread 0x00007fe670354800 Uncommon trap: reason=bimorphic action=maybe_recompile pc=0x0000000118d0c10c method=java.util.HashMap.putVal(ILjava/lang/Object;Ljava/lang/Object;ZZ)Ljava/lang/Object; @ 203
Event: 4.304 Thread 0x00007fe670354800 Uncommon trap: reason=bimorphic action=maybe_recompile pc=0x0000000118d0c10c method=java.util.HashMap.putVal(ILjava/lang/Object;Ljava/lang/Object;ZZ)Ljava/lang/Object; @ 203
Event: 4.304 Thread 0x00007fe670354800 Uncommon trap: reason=bimorphic action=maybe_recompile pc=0x0000000118d0c10c method=java.util.HashMap.putVal(ILjava/lang/Object;Ljava/lang/Object;ZZ)Ljava/lang/Object; @ 203

Classes redefined (0 events):
No events

Internal exceptions (10 events):
Event: 1.161 Thread 0x00007fe670188000 Exception <a 'java/lang/ArrayIndexOutOfBoundsException'> (0x0000000796fd00a8) thrown at [/Users/java_re/workspace/8-2-build-macosx-x86_64/jdk8u161/10277/hotspot/src/share/vm/runtime/sharedRuntime.cpp, line 605]
Event: 1.161 Thread 0x00007fe670188000 Exception <a 'java/lang/ArrayIndexOutOfBoundsException'> (0x0000000796fd2470) thrown at [/Users/java_re/workspace/8-2-build-macosx-x86_64/jdk8u161/10277/hotspot/src/share/vm/runtime/sharedRuntime.cpp, line 605]
Event: 1.161 Thread 0x00007fe670188000 Exception <a 'java/lang/ArrayIndexOutOfBoundsException'> (0x0000000796fd4318) thrown at [/Users/java_re/workspace/8-2-build-macosx-x86_64/jdk8u161/10277/hotspot/src/share/vm/runtime/sharedRuntime.cpp, line 605]
Event: 1.721 Thread 0x00007fe670188000 Exception <a 'java/io/FileNotFoundException'> (0x00000007973a8ee0) thrown at [/Users/java_re/workspace/8-2-build-macosx-x86_64/jdk8u161/10277/hotspot/src/share/vm/prims/jni.cpp, line 709]
Event: 1.856 Thread 0x00007fe670188000 Exception <a 'java/io/FileNotFoundException'> (0x00000007955f73d8) thrown at [/Users/java_re/workspace/8-2-build-macosx-x86_64/jdk8u161/10277/hotspot/src/share/vm/prims/jni.cpp, line 709]
Event: 1.869 Thread 0x00007fe67020e800 Implicit null exception at 0x0000000118cacaf5 to 0x0000000118caceb1
Event: 1.869 Thread 0x00007fe67020e800 Implicit null exception at 0x0000000118c79036 to 0x0000000118c793f5
Event: 1.939 Thread 0x00007fe670188000 Exception <a 'java/io/FileNotFoundException'> (0x00000007956a8cc8) thrown at [/Users/java_re/workspace/8-2-build-macosx-x86_64/jdk8u161/10277/hotspot/src/share/vm/prims/jni.cpp, line 709]
Event: 2.118 Thread 0x00007fe670188000 Implicit null exception at 0x0000000118d29675 to 0x0000000118d298b1
Event: 2.118 Thread 0x00007fe670188000 Implicit null exception at 0x0000000118d09f18 to 0x0000000118d09fa6

Events (10 events):
Event: 4.304 loading class sun/awt/ExtendedKeyCodes done
Event: 4.304 Thread 0x00007fe670354800 Uncommon trap: trap_request=0xffffffc6 fr.pc=0x0000000118d0c10c
Event: 4.304 Thread 0x00007fe670354800 DEOPT PACKING pc=0x0000000118d0c10c sp=0x0000700005914c80
Event: 4.304 Thread 0x00007fe670354800 DEOPT UNPACKING pc=0x0000000118a8d73a sp=0x0000700005914c18 mode 2
Event: 4.304 Thread 0x00007fe670354800 Uncommon trap: trap_request=0xffffffc6 fr.pc=0x0000000118d0c10c
Event: 4.304 Thread 0x00007fe670354800 DEOPT PACKING pc=0x0000000118d0c10c sp=0x0000700005914c80
Event: 4.304 Thread 0x00007fe670354800 DEOPT UNPACKING pc=0x0000000118a8d73a sp=0x0000700005914c18 mode 2
Event: 4.304 Thread 0x00007fe670354800 Uncommon trap: trap_request=0xffffffc6 fr.pc=0x0000000118d0c10c
Event: 4.304 Thread 0x00007fe670354800 DEOPT PACKING pc=0x0000000118d0c10c sp=0x0000700005914c80
Event: 4.304 Thread 0x00007fe670354800 DEOPT UNPACKING pc=0x0000000118a8d73a sp=0x0000700005914c18 mode 2


Dynamic libraries:
0x00000000163cb000 	/System/Library/Frameworks/Cocoa.framework/Versions/A/Cocoa
0x00000000163cb000 	/System/Library/Frameworks/Security.framework/Versions/A/Security
0x00000000163cb000 	/System/Library/Frameworks/ApplicationServices.framework/Versions/A/ApplicationServices
0x00000000163cb000 	/usr/lib/libz.1.dylib
0x00000000163cb000 	/usr/lib/libSystem.B.dylib
0x00000000163cb000 	/usr/lib/libobjc.A.dylib
0x00000000163cb000 	/System/Library/Frameworks/CoreFoundation.framework/Versions/A/CoreFoundation
0x00000000163cb000 	/System/Library/Frameworks/Foundation.framework/Versions/C/Foundation
0x00000000163cb000 	/System/Library/Frameworks/AppKit.framework/Versions/C/AppKit
0x00000000163cb000 	/System/Library/Frameworks/CoreData.framework/Versions/A/CoreData
0x00000000163cb000 	/System/Library/PrivateFrameworks/RemoteViewServices.framework/Versions/A/RemoteViewServices
0x00000000163cb000 	/System/Library/PrivateFrameworks/UIFoundation.framework/Versions/A/UIFoundation
0x00000000163cb000 	/System/Library/PrivateFrameworks/XCTTargetBootstrap.framework/Versions/A/XCTTargetBootstrap
0x00000000163cb000 	/System/Library/PrivateFrameworks/IconServices.framework/Versions/A/IconServices
0x00000000163cb000 	/System/Library/Frameworks/Metal.framework/Versions/A/Metal
0x00000000163cb000 	/System/Library/PrivateFrameworks/DesktopServicesPriv.framework/Versions/A/DesktopServicesPriv
0x00000000163cb000 	/usr/lib/libenergytrace.dylib
0x00000000163cb000 	/System/Library/PrivateFrameworks/SkyLight.framework/Versions/A/SkyLight
0x00000000163cb000 	/System/Library/Frameworks/CoreGraphics.framework/Versions/A/CoreGraphics
0x00000000163cb000 	/System/Library/Frameworks/Accelerate.framework/Versions/A/Accelerate
0x00000000163cb000 	/System/Library/Frameworks/IOSurface.framework/Versions/A/IOSurface
0x00000000163cb000 	/System/Library/PrivateFrameworks/DFRFoundation.framework/Versions/A/DFRFoundation
0x00000000163cb000 	/System/Library/Frameworks/AudioToolbox.framework/Versions/A/AudioToolbox
0x00000000163cb000 	/System/Library/Frameworks/AudioUnit.framework/Versions/A/AudioUnit
0x00000000163cb000 	/System/Library/PrivateFrameworks/DataDetectorsCore.framework/Versions/A/DataDetectorsCore
0x00000000163cb000 	/System/Library/Frameworks/Carbon.framework/Versions/A/Frameworks/HIToolbox.framework/Versions/A/HIToolbox
0x00000000163cb000 	/usr/lib/libicucore.A.dylib
0x00000000163cb000 	/System/Library/Frameworks/QuartzCore.framework/Versions/A/QuartzCore
0x00000000163cb000 	/System/Library/Frameworks/Carbon.framework/Versions/A/Frameworks/SpeechRecognition.framework/Versions/A/SpeechRecognition
0x00000000163cb000 	/usr/lib/libauto.dylib
0x00000000163cb000 	/usr/lib/libxml2.2.dylib
0x00000000163cb000 	/System/Library/PrivateFrameworks/CoreUI.framework/Versions/A/CoreUI
0x00000000163cb000 	/System/Library/Frameworks/CoreAudio.framework/Versions/A/CoreAudio
0x00000000163cb000 	/System/Library/Frameworks/DiskArbitration.framework/Versions/A/DiskArbitration
0x00000000163cb000 	/usr/lib/liblangid.dylib
0x00000000163cb000 	/System/Library/PrivateFrameworks/MultitouchSupport.framework/Versions/A/MultitouchSupport
0x00000000163cb000 	/System/Library/Frameworks/IOKit.framework/Versions/A/IOKit
0x00000000163cb000 	/usr/lib/libDiagnosticMessagesClient.dylib
0x00000000163cb000 	/System/Library/Frameworks/CoreServices.framework/Versions/A/CoreServices
0x00000000163cb000 	/System/Library/PrivateFrameworks/PerformanceAnalysis.framework/Versions/A/PerformanceAnalysis
0x00000000163cb000 	/System/Library/Frameworks/OpenGL.framework/Versions/A/OpenGL
0x00000000163cb000 	/System/Library/Frameworks/ColorSync.framework/Versions/A/ColorSync
0x00000000163cb000 	/System/Library/Frameworks/CoreImage.framework/Versions/A/CoreImage
0x00000000163cb000 	/System/Library/Frameworks/CoreText.framework/Versions/A/CoreText
0x00000000163cb000 	/System/Library/Frameworks/ImageIO.framework/Versions/A/ImageIO
0x00000000163cb000 	/System/Library/PrivateFrameworks/Backup.framework/Versions/A/Backup
0x00000000163cb000 	/usr/lib/libarchive.2.dylib
0x00000000163cb000 	/System/Library/Frameworks/CFNetwork.framework/Versions/A/CFNetwork
0x00000000163cb000 	/System/Library/Frameworks/SystemConfiguration.framework/Versions/A/SystemConfiguration
0x00000000163cb000 	/usr/lib/libCRFSuite.dylib
0x00000000163cb000 	/usr/lib/libc++.1.dylib
0x00000000163cb000 	/usr/lib/libc++abi.dylib
0x00000000163cb000 	/usr/lib/system/libcache.dylib
0x00000000163cb000 	/usr/lib/system/libcommonCrypto.dylib
0x00000000163cb000 	/usr/lib/system/libcompiler_rt.dylib
0x00000000163cb000 	/usr/lib/system/libcopyfile.dylib
0x00000000163cb000 	/usr/lib/system/libcorecrypto.dylib
0x00000000163cb000 	/usr/lib/system/libdispatch.dylib
0x00000000163cb000 	/usr/lib/system/libdyld.dylib
0x00000000163cb000 	/usr/lib/system/libkeymgr.dylib
0x00000000163cb000 	/usr/lib/system/liblaunch.dylib
0x00000000163cb000 	/usr/lib/system/libmacho.dylib
0x00000000163cb000 	/usr/lib/system/libquarantine.dylib
0x00000000163cb000 	/usr/lib/system/libremovefile.dylib
0x00000000163cb000 	/usr/lib/system/libsystem_asl.dylib
0x00000000163cb000 	/usr/lib/system/libsystem_blocks.dylib
0x00000000163cb000 	/usr/lib/system/libsystem_c.dylib
0x00000000163cb000 	/usr/lib/system/libsystem_configuration.dylib
0x00000000163cb000 	/usr/lib/system/libsystem_coreservices.dylib
0x00000000163cb000 	/usr/lib/system/libsystem_darwin.dylib
0x00000000163cb000 	/usr/lib/system/libsystem_dnssd.dylib
0x00000000163cb000 	/usr/lib/system/libsystem_info.dylib
0x00000000163cb000 	/usr/lib/system/libsystem_m.dylib
0x00000000163cb000 	/usr/lib/system/libsystem_malloc.dylib
0x00000000163cb000 	/usr/lib/system/libsystem_networkextension.dylib
0x00000000163cb000 	/usr/lib/system/libsystem_notify.dylib
0x00000000163cb000 	/usr/lib/system/libsystem_sandbox.dylib
0x00000000163cb000 	/usr/lib/system/libsystem_secinit.dylib
0x00000000163cb000 	/usr/lib/system/libsystem_kernel.dylib
0x00000000163cb000 	/usr/lib/system/libsystem_platform.dylib
0x00000000163cb000 	/usr/lib/system/libsystem_pthread.dylib
0x00000000163cb000 	/usr/lib/system/libsystem_symptoms.dylib
0x00000000163cb000 	/usr/lib/system/libsystem_trace.dylib
0x00000000163cb000 	/usr/lib/system/libunwind.dylib
0x00000000163cb000 	/usr/lib/system/libxpc.dylib
0x00000000163cb000 	/usr/lib/libbsm.0.dylib
0x00000000163cb000 	/usr/lib/system/libkxld.dylib
0x00000000163cb000 	/System/Library/PrivateFrameworks/AppleFSCompression.framework/Versions/A/AppleFSCompression
0x00000000163cb000 	/usr/lib/libOpenScriptingUtil.dylib
0x00000000163cb000 	/usr/lib/libcoretls.dylib
0x00000000163cb000 	/usr/lib/libcoretls_cfhelpers.dylib
0x00000000163cb000 	/usr/lib/libpam.2.dylib
0x00000000163cb000 	/usr/lib/libsqlite3.dylib
0x00000000163cb000 	/usr/lib/libxar.1.dylib
0x00000000163cb000 	/usr/lib/libbz2.1.0.dylib
0x00000000163cb000 	/usr/lib/liblzma.5.dylib
0x00000000163cb000 	/usr/lib/libnetwork.dylib
0x00000000163cb000 	/usr/lib/libapple_nghttp2.dylib
0x00000000163cb000 	/usr/lib/libpcap.A.dylib
0x00000000163cb000 	/System/Library/Frameworks/CoreServices.framework/Versions/A/Frameworks/FSEvents.framework/Versions/A/FSEvents
0x00000000163cb000 	/System/Library/Frameworks/CoreServices.framework/Versions/A/Frameworks/CarbonCore.framework/Versions/A/CarbonCore
0x00000000163cb000 	/System/Library/Frameworks/CoreServices.framework/Versions/A/Frameworks/Metadata.framework/Versions/A/Metadata
0x00000000163cb000 	/System/Library/Frameworks/CoreServices.framework/Versions/A/Frameworks/OSServices.framework/Versions/A/OSServices
0x00000000163cb000 	/System/Library/Frameworks/CoreServices.framework/Versions/A/Frameworks/SearchKit.framework/Versions/A/SearchKit
0x00000000163cb000 	/System/Library/Frameworks/CoreServices.framework/Versions/A/Frameworks/AE.framework/Versions/A/AE
0x00000000163cb000 	/System/Library/Frameworks/CoreServices.framework/Versions/A/Frameworks/LaunchServices.framework/Versions/A/LaunchServices
0x00000000163cb000 	/System/Library/Frameworks/CoreServices.framework/Versions/A/Frameworks/DictionaryServices.framework/Versions/A/DictionaryServices
0x00000000163cb000 	/System/Library/Frameworks/CoreServices.framework/Versions/A/Frameworks/SharedFileList.framework/Versions/A/SharedFileList
0x00000000163cb000 	/System/Library/Frameworks/NetFS.framework/Versions/A/NetFS
0x00000000163cb000 	/System/Library/PrivateFrameworks/NetAuth.framework/Versions/A/NetAuth
0x00000000163cb000 	/System/Library/PrivateFrameworks/login.framework/Versions/A/Frameworks/loginsupport.framework/Versions/A/loginsupport
0x00000000163cb000 	/System/Library/PrivateFrameworks/TCC.framework/Versions/A/TCC
0x00000000163cb000 	/System/Library/PrivateFrameworks/CoreNLP.framework/Versions/A/CoreNLP
0x00000000163cb000 	/System/Library/PrivateFrameworks/MetadataUtilities.framework/Versions/A/MetadataUtilities
0x00000000163cb000 	/usr/lib/libmecabra.dylib
0x00000000163cb000 	/System/Library/Frameworks/ApplicationServices.framework/Versions/A/Frameworks/ATS.framework/Versions/A/ATS
0x00000000163cb000 	/System/Library/Frameworks/ApplicationServices.framework/Versions/A/Frameworks/ColorSyncLegacy.framework/Versions/A/ColorSyncLegacy
0x00000000163cb000 	/System/Library/Frameworks/ApplicationServices.framework/Versions/A/Frameworks/HIServices.framework/Versions/A/HIServices
0x00000000163cb000 	/System/Library/Frameworks/ApplicationServices.framework/Versions/A/Frameworks/LangAnalysis.framework/Versions/A/LangAnalysis
0x00000000163cb000 	/System/Library/Frameworks/ApplicationServices.framework/Versions/A/Frameworks/PrintCore.framework/Versions/A/PrintCore
0x00000000163cb000 	/System/Library/Frameworks/ApplicationServices.framework/Versions/A/Frameworks/QD.framework/Versions/A/QD
0x00000000163cb000 	/System/Library/Frameworks/ApplicationServices.framework/Versions/A/Frameworks/SpeechSynthesis.framework/Versions/A/SpeechSynthesis
0x00000000163cb000 	/usr/lib/libcompression.dylib
0x00000000163cb000 	/System/Library/Frameworks/CoreDisplay.framework/Versions/A/CoreDisplay
0x00000000163cb000 	/System/Library/Frameworks/MetalPerformanceShaders.framework/Versions/A/MetalPerformanceShaders
0x00000000163cb000 	/System/Library/Frameworks/Accelerate.framework/Versions/A/Frameworks/vImage.framework/Versions/A/vImage
0x00000000163cb000 	/System/Library/Frameworks/Accelerate.framework/Versions/A/Frameworks/vecLib.framework/Versions/A/vecLib
0x00000000163cb000 	/System/Library/Frameworks/Accelerate.framework/Versions/A/Frameworks/vecLib.framework/Versions/A/libvMisc.dylib
0x00000000163cb000 	/System/Library/Frameworks/Accelerate.framework/Versions/A/Frameworks/vecLib.framework/Versions/A/libvDSP.dylib
0x00000000163cb000 	/System/Library/Frameworks/Accelerate.framework/Versions/A/Frameworks/vecLib.framework/Versions/A/libBLAS.dylib
0x00000000163cb000 	/System/Library/Frameworks/Accelerate.framework/Versions/A/Frameworks/vecLib.framework/Versions/A/libLAPACK.dylib
0x00000000163cb000 	/System/Library/Frameworks/Accelerate.framework/Versions/A/Frameworks/vecLib.framework/Versions/A/libLinearAlgebra.dylib
0x00000000163cb000 	/System/Library/Frameworks/Accelerate.framework/Versions/A/Frameworks/vecLib.framework/Versions/A/libSparseBLAS.dylib
0x00000000163cb000 	/System/Library/Frameworks/Accelerate.framework/Versions/A/Frameworks/vecLib.framework/Versions/A/libQuadrature.dylib
0x00000000163cb000 	/System/Library/Frameworks/Accelerate.framework/Versions/A/Frameworks/vecLib.framework/Versions/A/libBNNS.dylib
0x00000000163cb000 	/System/Library/Frameworks/Accelerate.framework/Versions/A/Frameworks/vecLib.framework/Versions/A/libSparse.dylib
0x00000000163cb000 	/System/Library/PrivateFrameworks/GPUWrangler.framework/Versions/A/GPUWrangler
0x00000000163cb000 	/System/Library/PrivateFrameworks/IOAccelerator.framework/Versions/A/IOAccelerator
0x00000000163cb000 	/System/Library/PrivateFrameworks/IOPresentment.framework/Versions/A/IOPresentment
0x00000000163cb000 	/System/Library/PrivateFrameworks/DSExternalDisplay.framework/Versions/A/DSExternalDisplay
0x00000000163cb000 	/System/Library/Frameworks/OpenGL.framework/Versions/A/Libraries/libCoreFSCache.dylib
0x00000000163cb000 	/System/Library/Frameworks/MetalPerformanceShaders.framework/Frameworks/MPSCore.framework/Versions/A/MPSCore
0x00000000163cb000 	/System/Library/Frameworks/MetalPerformanceShaders.framework/Frameworks/MPSImage.framework/Versions/A/MPSImage
0x00000000163cb000 	/System/Library/Frameworks/MetalPerformanceShaders.framework/Frameworks/MPSNeuralNetwork.framework/Versions/A/MPSNeuralNetwork
0x00000000163cb000 	/System/Library/Frameworks/MetalPerformanceShaders.framework/Frameworks/MPSMatrix.framework/Versions/A/MPSMatrix
0x00000000163cb000 	/System/Library/Frameworks/MetalPerformanceShaders.framework/Frameworks/MPSRayIntersector.framework/Versions/A/MPSRayIntersector
0x00000000163cb000 	/System/Library/PrivateFrameworks/MetalTools.framework/Versions/A/MetalTools
0x00000000163cb000 	/System/Library/PrivateFrameworks/AggregateDictionary.framework/Versions/A/AggregateDictionary
0x00000000163cb000 	/usr/lib/libMobileGestalt.dylib
0x00000000163cb000 	/System/Library/Frameworks/CoreVideo.framework/Versions/A/CoreVideo
0x00000000163cb000 	/System/Library/PrivateFrameworks/GraphVisualizer.framework/Versions/A/GraphVisualizer
0x00000000163cb000 	/System/Library/PrivateFrameworks/FaceCore.framework/Versions/A/FaceCore
0x00000000163cb000 	/System/Library/Frameworks/OpenCL.framework/Versions/A/OpenCL
0x00000000163cb000 	/usr/lib/libFosl_dynamic.dylib
0x00000000163cb000 	/System/Library/PrivateFrameworks/OTSVG.framework/Versions/A/OTSVG
0x00000000163cb000 	/System/Library/Frameworks/ApplicationServices.framework/Versions/A/Frameworks/ATS.framework/Versions/A/Resources/libFontParser.dylib
0x00000000163cb000 	/System/Library/Frameworks/ApplicationServices.framework/Versions/A/Frameworks/ATS.framework/Versions/A/Resources/libFontRegistry.dylib
0x00000000163cb000 	/System/Library/Frameworks/ImageIO.framework/Versions/A/Resources/libJPEG.dylib
0x00000000163cb000 	/System/Library/Frameworks/ImageIO.framework/Versions/A/Resources/libTIFF.dylib
0x00000000163cb000 	/System/Library/Frameworks/ImageIO.framework/Versions/A/Resources/libPng.dylib
0x00000000163cb000 	/System/Library/Frameworks/ImageIO.framework/Versions/A/Resources/libGIF.dylib
0x00000000163cb000 	/System/Library/Frameworks/ImageIO.framework/Versions/A/Resources/libJP2.dylib
0x00000000163cb000 	/System/Library/Frameworks/ImageIO.framework/Versions/A/Resources/libRadiance.dylib
0x00000000163cb000 	/System/Library/PrivateFrameworks/AppleJPEG.framework/Versions/A/AppleJPEG
0x00000000163cb000 	/System/Library/Frameworks/OpenGL.framework/Versions/A/Libraries/libGFXShared.dylib
0x00000000163cb000 	/System/Library/Frameworks/OpenGL.framework/Versions/A/Libraries/libGLU.dylib
0x00000000163cb000 	/System/Library/Frameworks/OpenGL.framework/Versions/A/Libraries/libGL.dylib
0x00000000163cb000 	/System/Library/Frameworks/OpenGL.framework/Versions/A/Libraries/libGLImage.dylib
0x00000000163cb000 	/System/Library/Frameworks/OpenGL.framework/Versions/A/Libraries/libCVMSPluginSupport.dylib
0x00000000163cb000 	/System/Library/Frameworks/OpenGL.framework/Versions/A/Libraries/libCoreVMClient.dylib
0x00000000163cb000 	/usr/lib/libcups.2.dylib
0x00000000163cb000 	/System/Library/Frameworks/Kerberos.framework/Versions/A/Kerberos
0x00000000163cb000 	/System/Library/Frameworks/GSS.framework/Versions/A/GSS
0x00000000163cb000 	/usr/lib/libresolv.9.dylib
0x00000000163cb000 	/usr/lib/libiconv.2.dylib
0x00000000163cb000 	/System/Library/PrivateFrameworks/Heimdal.framework/Versions/A/Heimdal
0x00000000163cb000 	/usr/lib/libheimdal-asn1.dylib
0x00000000163cb000 	/System/Library/Frameworks/OpenDirectory.framework/Versions/A/OpenDirectory
0x00000000163cb000 	/System/Library/PrivateFrameworks/CommonAuth.framework/Versions/A/CommonAuth
0x00000000163cb000 	/System/Library/Frameworks/OpenDirectory.framework/Versions/A/Frameworks/CFOpenDirectory.framework/Versions/A/CFOpenDirectory
0x00000000163cb000 	/System/Library/Frameworks/SecurityFoundation.framework/Versions/A/SecurityFoundation
0x00000000163cb000 	/System/Library/PrivateFrameworks/APFS.framework/Versions/A/APFS
0x00000000163cb000 	/usr/lib/libutil.dylib
0x00000000163cb000 	/usr/lib/libcharset.1.dylib
0x00000000163cb000 	/System/Library/PrivateFrameworks/AppleSauce.framework/Versions/A/AppleSauce
0x00000000163cb000 	/System/Library/PrivateFrameworks/AssertionServices.framework/Versions/A/AssertionServices
0x00000000163cb000 	/System/Library/PrivateFrameworks/BaseBoard.framework/Versions/A/BaseBoard
0x00000000163cb000 	/usr/lib/libmecab.1.0.0.dylib
0x00000000163cb000 	/usr/lib/libgermantok.dylib
0x00000000163cb000 	/usr/lib/libThaiTokenizer.dylib
0x00000000163cb000 	/usr/lib/libChineseTokenizer.dylib
0x00000000163cb000 	/System/Library/PrivateFrameworks/LanguageModeling.framework/Versions/A/LanguageModeling
0x00000000163cb000 	/System/Library/PrivateFrameworks/CoreEmoji.framework/Versions/A/CoreEmoji
0x00000000163cb000 	/System/Library/PrivateFrameworks/Lexicon.framework/Versions/A/Lexicon
0x00000000163cb000 	/System/Library/PrivateFrameworks/LinguisticData.framework/Versions/A/LinguisticData
0x00000000163cb000 	/usr/lib/libcmph.dylib
0x00000000163cb000 	/System/Library/Frameworks/ServiceManagement.framework/Versions/A/ServiceManagement
0x00000000163cb000 	/System/Library/PrivateFrameworks/BackgroundTaskManagement.framework/Versions/A/BackgroundTaskManagement
0x00000000163cb000 	/usr/lib/libxslt.1.dylib
0x00000000163cb000 	/System/Library/Frameworks/Carbon.framework/Versions/A/Frameworks/Ink.framework/Versions/A/Ink
0x00000000163cb000 	/System/Library/PrivateFrameworks/TextureIO.framework/Versions/A/TextureIO
0x00000000163cb000 	/usr/lib/libate.dylib
0x00000000163cb000 	/System/Library/PrivateFrameworks/CrashReporterSupport.framework/Versions/A/CrashReporterSupport
0x00000000163cb000 	/System/Library/PrivateFrameworks/Sharing.framework/Versions/A/Sharing
0x00000000163cb000 	/System/Library/PrivateFrameworks/AuthKit.framework/Versions/A/AuthKit
0x00000000163cb000 	/System/Library/PrivateFrameworks/Apple80211.framework/Versions/A/Apple80211
0x00000000163cb000 	/System/Library/PrivateFrameworks/CoreUtils.framework/Versions/A/CoreUtils
0x00000000163cb000 	/System/Library/Frameworks/CoreWLAN.framework/Versions/A/CoreWLAN
0x00000000163cb000 	/System/Library/Frameworks/IOBluetooth.framework/Versions/A/IOBluetooth
0x00000000163cb000 	/System/Library/PrivateFrameworks/ProtocolBuffer.framework/Versions/A/ProtocolBuffer
0x00000000163cb000 	/System/Library/PrivateFrameworks/MobileKeyBag.framework/Versions/A/MobileKeyBag
0x00000000163cb000 	/System/Library/PrivateFrameworks/CorePhoneNumbers.framework/Versions/A/CorePhoneNumbers
0x00000000163cb000 	/System/Library/PrivateFrameworks/AppleIDAuthSupport.framework/Versions/A/AppleIDAuthSupport
0x00000000163cb000 	/System/Library/PrivateFrameworks/KeychainCircle.framework/Versions/A/KeychainCircle
0x00000000163cb000 	/System/Library/PrivateFrameworks/ROCKit.framework/Versions/A/ROCKit
0x00000000163cb000 	/System/Library/PrivateFrameworks/CoreWiFi.framework/Versions/A/CoreWiFi
0x00000000163cb000 	/System/Library/Frameworks/CoreBluetooth.framework/Versions/A/CoreBluetooth
0x00000000163cb000 	/System/Library/PrivateFrameworks/DebugSymbols.framework/Versions/A/DebugSymbols
0x00000000163cb000 	/System/Library/PrivateFrameworks/CoreSymbolication.framework/Versions/A/CoreSymbolication
0x00000000163cb000 	/System/Library/PrivateFrameworks/Symbolication.framework/Versions/A/Symbolication
0x00000000163cb000 	/System/Library/PrivateFrameworks/SpeechRecognitionCore.framework/Versions/A/SpeechRecognitionCore
0x00000000163cb000 	/System/Library/CoreServices/Encodings/libKoreanConverter.dylib
0x000000010bac1000 	/Library/Java/JavaVirtualMachines/jdk1.8.0_161.jdk/Contents/Home/jre/lib/server/libjvm.dylib
0x00000000163cb000 	/usr/lib/libstdc++.6.dylib
0x000000010ca6f000 	/Library/Java/JavaVirtualMachines/jdk1.8.0_161.jdk/Contents/Home/jre/lib/libverify.dylib
0x000000010ca7d000 	/Library/Java/JavaVirtualMachines/jdk1.8.0_161.jdk/Contents/Home/jre/lib/libjava.dylib
0x000000010cab4000 	/Library/Java/JavaVirtualMachines/jdk1.8.0_161.jdk/Contents/Home/jre/lib/libinstrument.dylib
0x000000010cb52000 	/Library/Java/JavaVirtualMachines/jdk1.8.0_161.jdk/Contents/Home/jre/lib/libzip.dylib
0x0000000113e5c000 	/Library/Java/JavaVirtualMachines/jdk1.8.0_161.jdk/Contents/Home/jre/lib/libnet.dylib
0x0000000113ebb000 	/Library/Java/JavaVirtualMachines/jdk1.8.0_161.jdk/Contents/Home/jre/lib/libprism_es2.dylib
0x00000000163cb000 	/System/Library/PrivateFrameworks/CoreServicesInternal.framework/Versions/A/CoreServicesInternal
0x00000000163cb000 	/System/Library/Frameworks/OpenGL.framework/Versions/A/Resources/GLEngine.bundle/GLEngine
0x00000000163cb000 	/System/Library/Frameworks/OpenGL.framework/Versions/A/Libraries/libGLProgrammability.dylib
0x00000000163cb000 	/System/Library/Extensions/AppleIntelBDWGraphicsGLDriver.bundle/Contents/MacOS/AppleIntelBDWGraphicsGLDriver
0x00000000163cb000 	/System/Library/PrivateFrameworks/GPUSupport.framework/Versions/A/Libraries/libGPUSupportMercury.dylib
0x00000000163cb000 	/System/Library/Frameworks/OpenGL.framework/Versions/A/Resources/GLRendererFloat.bundle/GLRendererFloat
0x00000000163cb000 	/System/Library/Frameworks/OpenCL.framework/Versions/A/Libraries/libcldcpuengine.dylib
0x00000000163cb000 	/usr/lib/libcrypto.35.dylib
0x00000000163cb000 	/System/Library/PrivateFrameworks/TrustEvaluationAgent.framework/Versions/A/TrustEvaluationAgent
0x000000011490f000 	/Library/Java/JavaVirtualMachines/jdk1.8.0_161.jdk/Contents/Home/jre/lib/libglass.dylib
0x00000000163cb000 	/System/Library/CoreServices/RawCamera.bundle/Contents/MacOS/RawCamera
0x00000000163cb000 	/System/Library/PrivateFrameworks/MobileAsset.framework/Versions/A/MobileAsset
0x00000000163cb000 	/System/Library/PrivateFrameworks/StreamingZip.framework/Versions/A/StreamingZip
0x00000000163cb000 	/System/Library/Frameworks/MediaToolbox.framework/Versions/A/MediaToolbox
0x00000000163cb000 	/System/Library/PrivateFrameworks/CoreAVCHD.framework/Versions/A/CoreAVCHD
0x00000000163cb000 	/System/Library/Frameworks/MediaAccessibility.framework/Versions/A/MediaAccessibility
0x00000000163cb000 	/System/Library/PrivateFrameworks/Mangrove.framework/Versions/A/Mangrove
0x00000000163cb000 	/System/Library/Frameworks/CoreMedia.framework/Versions/A/CoreMedia
0x00000000163cb000 	/System/Library/Frameworks/VideoToolbox.framework/Versions/A/VideoToolbox
0x00000000163cb000 	/System/Library/PrivateFrameworks/CoreAUC.framework/Versions/A/CoreAUC
0x00000000163cb000 	/usr/lib/libspindump.dylib
0x00000000163cb000 	/System/Library/PrivateFrameworks/AppleVA.framework/Versions/A/AppleVA
0x00000000163cb000 	/System/Library/Frameworks/Accelerate.framework/Versions/A/Frameworks/vImage.framework/Versions/A/Libraries/libCGInterfaces.dylib
0x00000000163cb000 	/System/Library/PrivateFrameworks/FamilyControls.framework/Versions/A/FamilyControls
0x00000000163cb000 	/System/Library/PrivateFrameworks/CommerceKit.framework/Versions/A/Frameworks/CommerceCore.framework/Versions/A/CommerceCore
0x00000000163cb000 	/System/Library/PrivateFrameworks/SystemAdministration.framework/Versions/A/SystemAdministration
0x00000000163cb000 	/System/Library/PrivateFrameworks/AppContainer.framework/Versions/A/AppContainer
0x00000000163cb000 	/System/Library/PrivateFrameworks/AppSandbox.framework/Versions/A/AppSandbox
0x00000000163cb000 	/System/Library/PrivateFrameworks/SecCodeWrapper.framework/Versions/A/SecCodeWrapper
0x00000000163cb000 	/usr/lib/libsandbox.1.dylib
0x00000000163cb000 	/usr/lib/libMatch.1.dylib
0x00000000163cb000 	/System/Library/PrivateFrameworks/DiskManagement.framework/Versions/A/DiskManagement
0x00000000163cb000 	/System/Library/Frameworks/DirectoryService.framework/Versions/A/DirectoryService
0x00000000163cb000 	/System/Library/PrivateFrameworks/DiskImages.framework/Versions/A/DiskImages
0x00000000163cb000 	/System/Library/PrivateFrameworks/LoginUIKit.framework/Versions/A/Frameworks/LoginUICore.framework/Versions/A/LoginUICore
0x00000000163cb000 	/usr/lib/libCoreStorage.dylib
0x00000000163cb000 	/usr/lib/libcsfde.dylib
0x00000000163cb000 	/usr/lib/libodfde.dylib
0x00000000163cb000 	/System/Library/PrivateFrameworks/MediaKit.framework/Versions/A/MediaKit
0x00000000163cb000 	/System/Library/Frameworks/DiscRecording.framework/Versions/A/DiscRecording
0x00000000163cb000 	/System/Library/PrivateFrameworks/EFILogin.framework/Versions/A/EFILogin
0x00000000163cb000 	/System/Library/PrivateFrameworks/ProtectedCloudStorage.framework/Versions/A/ProtectedCloudStorage
0x00000000163cb000 	/usr/lib/libcurl.4.dylib
0x00000000163cb000 	/usr/lib/libcrypto.42.dylib
0x00000000163cb000 	/usr/lib/libssl.44.dylib
0x00000000163cb000 	/System/Library/Frameworks/LDAP.framework/Versions/A/LDAP
0x00000000163cb000 	/usr/lib/libsasl2.2.dylib
0x00000000163cb000 	/System/Library/PrivateFrameworks/CoreDaemon.framework/Versions/B/CoreDaemon
0x00000000163cb000 	/System/Library/PrivateFrameworks/AppleSRP.framework/Versions/A/AppleSRP
0x00000000163cb000 	/System/Library/PrivateFrameworks/ViewBridge.framework/Versions/A/ViewBridge
0x00000001185d2000 	/Library/Java/JavaVirtualMachines/jdk1.8.0_161.jdk/Contents/Home/jre/lib/libawt.dylib
0x000000011867c000 	/Library/Java/JavaVirtualMachines/jdk1.8.0_161.jdk/Contents/Home/jre/lib/./libmlib_image.dylib
0x00000000163cb000 	/System/Library/Frameworks/JavaVM.framework/Versions/A/Frameworks/JavaNativeFoundation.framework/Versions/A/JavaNativeFoundation
0x00000000163cb000 	/System/Library/Frameworks/JavaVM.framework/Versions/A/Frameworks/JavaRuntimeSupport.framework/Versions/A/JavaRuntimeSupport
0x00000000163cb000 	/System/Library/Frameworks/JavaVM.framework/Versions/A/JavaVM
0x00000000163cb000 	/System/Library/PrivateFrameworks/JavaLaunching.framework/Versions/A/JavaLaunching
0x00000000163cb000 	/System/Library/Frameworks/Carbon.framework/Versions/A/Carbon
0x00000000163cb000 	/System/Library/Frameworks/Carbon.framework/Versions/A/Frameworks/CommonPanels.framework/Versions/A/CommonPanels
0x00000000163cb000 	/System/Library/Frameworks/Carbon.framework/Versions/A/Frameworks/Help.framework/Versions/A/Help
0x00000000163cb000 	/System/Library/Frameworks/Carbon.framework/Versions/A/Frameworks/ImageCapture.framework/Versions/A/ImageCapture
0x00000000163cb000 	/System/Library/Frameworks/Carbon.framework/Versions/A/Frameworks/OpenScripting.framework/Versions/A/OpenScripting
0x00000000163cb000 	/System/Library/Frameworks/Carbon.framework/Versions/A/Frameworks/Print.framework/Versions/A/Print
0x00000000163cb000 	/System/Library/Frameworks/Carbon.framework/Versions/A/Frameworks/SecurityHI.framework/Versions/A/SecurityHI
0x0000000118748000 	/Library/Java/JavaVirtualMachines/jdk1.8.0_161.jdk/Contents/Home/jre/lib/libawt_lwawt.dylib
0x0000000118802000 	/Library/Java/JavaVirtualMachines/jdk1.8.0_161.jdk/Contents/Home/jre/lib/./libosxapp.dylib
0x00000000163cb000 	/System/Library/Frameworks/ExceptionHandling.framework/Versions/A/ExceptionHandling
0x000000011881e000 	/Library/Java/JavaVirtualMachines/jdk1.8.0_161.jdk/Contents/Home/jre/lib/libfontmanager.dylib
0x00000001144ce000 	/Library/Java/JavaVirtualMachines/jdk1.8.0_161.jdk/Contents/Home/jre/lib/libjavafx_font.dylib
0x00000000163cb000 	/System/Library/Frameworks/ApplicationServices.framework/Versions/A/Frameworks/ATS.framework/Versions/A/Resources/libTrueTypeScaler.dylib
0x0000000128147000 	/private/var/folders/qq/fwtgzrms05d5ym95sljkzd5w0000gn/T/libJNativeHook-2.1.0.x86_64.dylib
0x0000000128f88000 	/usr/lib/libobjc-trampolines.dylib
0x00000000163cb000 	/System/Library/Extensions/AppleIntelBDWGraphicsMTLDriver.bundle/Contents/MacOS/AppleIntelBDWGraphicsMTLDriver
0x00000000163cb000 	/System/Library/PrivateFrameworks/GPUCompiler.framework/Versions/3902/Libraries/libmetal_timestamp.dylib
0x000000012c8dc000 	/Library/Java/JavaVirtualMachines/jdk1.8.0_161.jdk/Contents/Home/jre/lib/libprism_common.dylib
0x00000000163cb000 	/System/Library/PrivateFrameworks/login.framework/Versions/A/login

VM Arguments:
jvm_args: -javaagent:/Applications/IntelliJ IDEA.app/Contents/lib/idea_rt.jar=59012:/Applications/IntelliJ IDEA.app/Contents/bin -Dfile.encoding=UTF-8 
java_command: exec.Main
java_class_path (initial): /Library/Java/JavaVirtualMachines/jdk1.8.0_161.jdk/Contents/Home/jre/lib/charsets.jar:/Library/Java/JavaVirtualMachines/jdk1.8.0_161.jdk/Contents/Home/jre/lib/deploy.jar:/Library/Java/JavaVirtualMachines/jdk1.8.0_161.jdk/Contents/Home/jre/lib/ext/cldrdata.jar:/Library/Java/JavaVirtualMachines/jdk1.8.0_161.jdk/Contents/Home/jre/lib/ext/dnsns.jar:/Library/Java/JavaVirtualMachines/jdk1.8.0_161.jdk/Contents/Home/jre/lib/ext/jaccess.jar:/Library/Java/JavaVirtualMachines/jdk1.8.0_161.jdk/Contents/Home/jre/lib/ext/jfxrt.jar:/Library/Java/JavaVirtualMachines/jdk1.8.0_161.jdk/Contents/Home/jre/lib/ext/localedata.jar:/Library/Java/JavaVirtualMachines/jdk1.8.0_161.jdk/Contents/Home/jre/lib/ext/nashorn.jar:/Library/Java/JavaVirtualMachines/jdk1.8.0_161.jdk/Contents/Home/jre/lib/ext/sunec.jar:/Library/Java/JavaVirtualMachines/jdk1.8.0_161.jdk/Contents/Home/jre/lib/ext/sunjce_provider.jar:/Library/Java/JavaVirtualMachines/jdk1.8.0_161.jdk/Contents/Home/jre/lib/ext/sunpkcs11.jar:/Library/Java/JavaVirtualMachines/jdk1.8.0_161.jdk/Contents/Home/jre/lib/ext/zipfs.jar:/Library/Java/JavaVirtualMachines/jdk1.8.0_161.jdk/Contents/Home/jre/lib/javaws.jar:/Library/Java/JavaVirtualMachines/jdk1.8.0_161.jdk/Contents/Home/jre/lib/jce.jar:/Library/Java/JavaVirtualMachines/jdk1.8.0_161.jdk/Contents/Home/jre/lib/jfr.jar:/Library/Java/JavaVirtualMachines/jdk1.8.0_161.jdk/Contents/Home/jre/lib/jfxswt.jar:/Library/Java/JavaVirtualMachines/jdk1.8.0_161.jdk/Contents/Home/jre/lib/jsse.jar:/Library/Java/JavaVirtualMachines/jdk1.8.0_161.jdk/Contents/Home/jre/lib/management-agent.jar:/Library/Java/JavaVirtualMachines/jdk1.8.0_161.jdk/Contents/Home/jre/lib/plugin.jar:/Library/Java/JavaVirtualMachines/jdk1.8.0_161.jdk/Contents/Home/jre/lib/resources.jar:/Library/Java/JavaVirtualMachines/jdk1.8.0_161.jdk/Contents/Home/jre/lib/rt.jar:/Library/Java/JavaVirtualMachines/jdk1.8.0_161.jdk/Contents/Home/lib/ant-javafx.jar:/Library/Java/JavaVirtualMachines/jdk1.8.0_161.jdk/Contents/Home
Launcher Type: SUN_STANDARD

Environment Variables:
PATH=/usr/local/bin:/usr/bin:/bin:/usr/sbin:/sbin:/Users/osejin/.rvm/bin
SHELL=/bin/zsh

Signal Handlers:
SIGSEGV: [libjvm.dylib+0x5b5439], sa_mask[0]=11111111011111110111111111111111, sa_flags=SA_ONSTACK|SA_RESTART|SA_SIGINFO
SIGBUS: [libjvm.dylib+0x5b5439], sa_mask[0]=11111111011111110111111111111111, sa_flags=SA_RESTART|SA_SIGINFO
SIGFPE: [libjvm.dylib+0x48ae24], sa_mask[0]=11111111011111110111111111111111, sa_flags=SA_RESTART|SA_SIGINFO
SIGPIPE: [libjvm.dylib+0x48ae24], sa_mask[0]=11111111011111110111111111111111, sa_flags=SA_RESTART|SA_SIGINFO
SIGXFSZ: [libjvm.dylib+0x48ae24], sa_mask[0]=11111111011111110111111111111111, sa_flags=SA_RESTART|SA_SIGINFO
SIGILL: [libjvm.dylib+0x48ae24], sa_mask[0]=11111111011111110111111111111111, sa_flags=SA_RESTART|SA_SIGINFO
SIGUSR1: SIG_DFL, sa_mask[0]=00000000000000000000000000000000, sa_flags=none
SIGUSR2: [libjvm.dylib+0x48a942], sa_mask[0]=00100000000000000000000000000000, sa_flags=SA_RESTART|SA_SIGINFO
SIGHUP: [libjvm.dylib+0x488f0d], sa_mask[0]=11111111011111110111111111111111, sa_flags=SA_RESTART|SA_SIGINFO
SIGINT: [libjvm.dylib+0x488f0d], sa_mask[0]=11111111011111110111111111111111, sa_flags=SA_RESTART|SA_SIGINFO
SIGTERM: [libjvm.dylib+0x488f0d], sa_mask[0]=11111111011111110111111111111111, sa_flags=SA_RESTART|SA_SIGINFO
SIGQUIT: [libjvm.dylib+0x488f0d], sa_mask[0]=11111111011111110111111111111111, sa_flags=SA_RESTART|SA_SIGINFO


---------------  S Y S T E M  ---------------

OS:Bsduname:Darwin 18.0.0 Darwin Kernel Version 18.0.0: Wed Aug 22 20:13:40 PDT 2018; root:xnu-4903.201.2~1/RELEASE_X86_64 x86_64
rlimit: STACK 8192k, CORE 0k, NPROC 709, NOFILE 10240, AS infinity
load average:3.11 3.24 2.86

CPU:total 4 (initial active 4) (2 cores per cpu, 2 threads per core) family 6 model 61 stepping 4, cmov, cx8, fxsr, mmx, sse, sse2, sse3, ssse3, sse4.1, sse4.2, popcnt, avx, avx2, aes, clmul, erms, 3dnowpref, lzcnt, ht, tsc, tscinvbit, bmi1, bmi2, adx

Memory: 4k page, physical 8388608k(362096k free)

/proc/meminfo:


vm_info: Java HotSpot(TM) 64-Bit Server VM (25.161-b12) for bsd-amd64 JRE (1.8.0_161-b12), built on Dec 19 2017 16:22:20 by "java_re" with gcc 4.2.1 (Based on Apple Inc. build 5658) (LLVM build 2336.11.00)

time: Sun Dec 16 07:10:31 2018
elapsed time: 4 seconds (0d 0h 0m 4s)

